$ C:\Users\97747\AppData\Local\Programs\Python\Python311\python.exe -u scripts/08_run_fig1_paper_precision.py --case kerr220 --device cuda:0 --output-dir C:\Users\97747\GW QNM EMRI PROJECT\2404.11373v3\2404.11373\reports\posteriors\fig1_paper_precision\kerr220_20260308-212656 --status-path C:\Users\97747\GW QNM EMRI PROJECT\2404.11373v3\2404.11373\reports\posteriors\fig1_paper_precision\kerr220_20260308-212656\kerr220_status.json --heartbeat-log C:\Users\97747\GW QNM EMRI PROJECT\2404.11373v3\2404.11373\reports\posteriors\fig1_paper_precision\kerr220_20260308-212656\kerr220_heartbeat.log --heartbeat-interval-seconds 60.0

WARNING (pytensor.configdefaults): g++ not available, if using conda: `conda install gxx`
WARNING (pytensor.configdefaults): g++ not detected!  PyTensor will be unable to compile C-implementations and will default to Python. Performance may be severely degraded. To remove this warning, set PyTensor flags cxx to an empty string.
Status file: C:\Users\97747\GW QNM EMRI PROJECT\2404.11373v3\2404.11373\reports\posteriors\fig1_paper_precision\kerr220_20260308-212656\kerr220_status.json
Heartbeat log: C:\Users\97747\GW QNM EMRI PROJECT\2404.11373v3\2404.11373\reports\posteriors\fig1_paper_precision\kerr220_20260308-212656\kerr220_heartbeat.log
[TSNPE] round=1/8 n_sim=50000/50000 accept=1.0000
C:\Users\97747\AppData\Local\Programs\Python\Python311\Lib\site-packages\sbi\inference\trainers\npe\npe_base.py:177: UserWarning: Data x has device 'cpu'. Moving x to the data_device 'cuda:0'. Training will proceed on device 'cuda:0'.
  theta, x = validate_theta_and_x(

 Neural network successfully converged after 21 epochs.C:\Users\97747\AppData\Local\Programs\Python\Python311\Lib\site-packages\nflows\transforms\lu.py:80: UserWarning: torch.triangular_solve is deprecated in favor of torch.linalg.solve_triangularand will be removed in a future PyTorch release.
torch.linalg.solve_triangular has its arguments reversed and does not return a copy of one of the inputs.
X = torch.triangular_solve(B, A).solution
should be replaced with
X = torch.linalg.solve_triangular(A, B). (Triggered internally at C:\actions-runner\_work\pytorch\pytorch\builder\windows\pytorch\aten\src\ATen\native\BatchLinearAlgebra.cpp:2196.)
  outputs, _ = torch.triangular_solve(
[TSNPE] round=1 done sim=4.6s train=98.6s trunc=1.2s total=104.5s volume=1.000000 probe_accept=1.000000 epochs_this_round=21 stop=False stop_eligible=False reason=first_round
Saved failure summary: C:\Users\97747\GW QNM EMRI PROJECT\2404.11373v3\2404.11373\reports\posteriors\fig1_paper_precision\kerr220_20260308-212656\kerr220_failure_summary.json
Traceback (most recent call last):
  File "C:\Users\97747\GW QNM EMRI PROJECT\2404.11373v3\2404.11373\scripts\08_run_fig1_paper_precision.py", line 727, in <module>
    main()
  File "C:\Users\97747\GW QNM EMRI PROJECT\2404.11373v3\2404.11373\scripts\08_run_fig1_paper_precision.py", line 537, in main
    posterior, diagnostics = runner.run()
                             ^^^^^^^^^^^^
  File "C:\Users\97747\GW QNM EMRI PROJECT\2404.11373v3\2404.11373\src\rd_sbi\inference\tsnpe_runner.py", line 532, in run
    raise RuntimeError(
RuntimeError: Aborting next round: previous round produced no effective truncation (volume=1.000000 >= 0.999000).
