2026-03-10 22:19:36 event=run_start state=starting round=0 phase=setup elapsed=n/a
2026-03-10 22:19:36 event=round_start state=running round=1 phase=prepare elapsed=n/a
2026-03-10 22:19:36 event=phase_start state=running round=1 phase=simulation elapsed=0.0s
2026-03-10 22:20:36 event=heartbeat state=running round=1 phase=simulation elapsed=60.0s
2026-03-10 22:20:43 event=phase_end state=running round=1 phase=simulation elapsed=66.8s
2026-03-10 22:20:44 event=phase_start state=running round=1 phase=training elapsed=0.0s
2026-03-10 22:21:44 event=heartbeat state=running round=1 phase=training elapsed=60.0s
2026-03-10 22:22:44 event=heartbeat state=running round=1 phase=training elapsed=120.0s
2026-03-10 22:23:44 event=heartbeat state=running round=1 phase=training elapsed=180.0s
2026-03-10 22:24:44 event=heartbeat state=running round=1 phase=training elapsed=240.0s
2026-03-10 22:25:44 event=heartbeat state=running round=1 phase=training elapsed=300.0s
2026-03-10 22:26:44 event=heartbeat state=running round=1 phase=training elapsed=360.1s
2026-03-10 22:27:44 event=heartbeat state=running round=1 phase=training elapsed=420.1s
2026-03-10 22:28:44 event=heartbeat state=running round=1 phase=training elapsed=480.1s
2026-03-10 22:29:44 event=heartbeat state=running round=1 phase=training elapsed=540.1s
2026-03-10 22:30:44 event=heartbeat state=running round=1 phase=training elapsed=600.1s
2026-03-10 22:31:44 event=heartbeat state=running round=1 phase=training elapsed=660.1s
2026-03-10 22:32:44 event=heartbeat state=running round=1 phase=training elapsed=720.1s
2026-03-10 22:33:44 event=heartbeat state=running round=1 phase=training elapsed=780.1s
2026-03-10 22:34:44 event=heartbeat state=running round=1 phase=training elapsed=840.1s
2026-03-10 22:35:44 event=heartbeat state=running round=1 phase=training elapsed=900.1s
2026-03-10 22:36:44 event=heartbeat state=running round=1 phase=training elapsed=960.1s
2026-03-10 22:37:44 event=heartbeat state=running round=1 phase=training elapsed=1020.1s
2026-03-10 22:38:44 event=heartbeat state=running round=1 phase=training elapsed=1080.2s
2026-03-10 22:39:44 event=heartbeat state=running round=1 phase=training elapsed=1140.2s
2026-03-10 22:40:44 event=heartbeat state=running round=1 phase=training elapsed=1200.2s
2026-03-10 22:41:44 event=heartbeat state=running round=1 phase=training elapsed=1260.2s
2026-03-10 22:42:44 event=heartbeat state=running round=1 phase=training elapsed=1320.2s
2026-03-10 22:43:44 event=heartbeat state=running round=1 phase=training elapsed=1380.2s
2026-03-10 22:44:44 event=heartbeat state=running round=1 phase=training elapsed=1440.2s
2026-03-10 22:45:44 event=heartbeat state=running round=1 phase=training elapsed=1500.2s
2026-03-10 22:46:44 event=heartbeat state=running round=1 phase=training elapsed=1560.2s
2026-03-10 22:47:44 event=heartbeat state=running round=1 phase=training elapsed=1620.2s
2026-03-10 22:48:44 event=heartbeat state=running round=1 phase=training elapsed=1680.2s
2026-03-10 22:49:44 event=heartbeat state=running round=1 phase=training elapsed=1740.2s
2026-03-10 22:50:44 event=heartbeat state=running round=1 phase=training elapsed=1800.2s
2026-03-10 22:51:44 event=heartbeat state=running round=1 phase=training elapsed=1860.3s
2026-03-10 22:52:44 event=heartbeat state=running round=1 phase=training elapsed=1920.3s
2026-03-10 22:53:44 event=heartbeat state=running round=1 phase=training elapsed=1980.3s
2026-03-10 22:54:44 event=heartbeat state=running round=1 phase=training elapsed=2040.3s
2026-03-10 22:55:44 event=heartbeat state=running round=1 phase=training elapsed=2100.3s
2026-03-10 22:56:44 event=heartbeat state=running round=1 phase=training elapsed=2160.3s
2026-03-10 22:57:44 event=heartbeat state=running round=1 phase=training elapsed=2220.3s
2026-03-10 22:58:44 event=heartbeat state=running round=1 phase=training elapsed=2280.3s
2026-03-10 22:59:44 event=heartbeat state=running round=1 phase=training elapsed=2340.3s
2026-03-10 23:00:44 event=heartbeat state=running round=1 phase=training elapsed=2400.3s
2026-03-10 23:01:44 event=heartbeat state=running round=1 phase=training elapsed=2460.3s
2026-03-10 23:02:44 event=heartbeat state=running round=1 phase=training elapsed=2520.3s
2026-03-10 23:03:44 event=heartbeat state=running round=1 phase=training elapsed=2580.3s
2026-03-10 23:04:44 event=heartbeat state=running round=1 phase=training elapsed=2640.3s
2026-03-10 23:05:44 event=heartbeat state=running round=1 phase=training elapsed=2700.3s
2026-03-10 23:06:44 event=heartbeat state=running round=1 phase=training elapsed=2760.3s
2026-03-10 23:07:44 event=heartbeat state=running round=1 phase=training elapsed=2820.4s
2026-03-10 23:08:44 event=heartbeat state=running round=1 phase=training elapsed=2880.4s
2026-03-10 23:09:44 event=heartbeat state=running round=1 phase=training elapsed=2940.4s
2026-03-10 23:10:44 event=heartbeat state=running round=1 phase=training elapsed=3000.4s
2026-03-10 23:11:45 event=heartbeat state=running round=1 phase=training elapsed=3060.4s
2026-03-10 23:12:45 event=heartbeat state=running round=1 phase=training elapsed=3120.4s
2026-03-10 23:13:45 event=heartbeat state=running round=1 phase=training elapsed=3180.5s
2026-03-10 23:14:45 event=heartbeat state=running round=1 phase=training elapsed=3240.5s
2026-03-10 23:15:45 event=heartbeat state=running round=1 phase=training elapsed=3300.5s
2026-03-10 23:16:45 event=heartbeat state=running round=1 phase=training elapsed=3360.5s
2026-03-10 23:17:45 event=heartbeat state=running round=1 phase=training elapsed=3420.5s
2026-03-10 23:18:45 event=heartbeat state=running round=1 phase=training elapsed=3480.5s
2026-03-10 23:19:45 event=heartbeat state=running round=1 phase=training elapsed=3540.5s
2026-03-10 23:20:45 event=heartbeat state=running round=1 phase=training elapsed=3600.5s
