2026-03-10, 16:36:06 - cpnest.cpnest.CPNest                  : Running with 1 parallel threads
2026-03-10, 16:36:06 - cpnest.NestedSampling.NestedSampler   : 1: n:  21 NS_acc:0.500 S0_acc:0.400 sub_acc:0.476 H: 0.00 logL 19238.31334 --> 19714.41867 dZ: inf logZ: 19234.802 logLmax: 19784.57
2026-03-10, 16:36:06 - cpnest.NestedSampling.NestedSampler   : 2: n:  21 NS_acc:0.667 S0_acc:0.401 sub_acc:0.333 H: 3.54 logL 19246.31908 --> 19246.31908 dZ: 549.738 logZ: 19242.778 logLmax: 19784.57
2026-03-10, 16:36:06 - cpnest.NestedSampling.NestedSampler   : 3: n:  21 NS_acc:0.750 S0_acc:0.400 sub_acc:0.524 H: 3.57 logL 19439.00926 --> 19500.55865 dZ: 541.731 logZ: 19435.437 logLmax: 19784.57
2026-03-10, 16:36:06 - cpnest.NestedSampling.NestedSampler   : 4: n:  21 NS_acc:0.800 S0_acc:0.400 sub_acc:0.381 H: 3.60 logL 19451.28987 --> 19758.01947 dZ: 349.040 logZ: 19447.687 logLmax: 19784.57
2026-03-10, 16:36:06 - cpnest.NestedSampling.NestedSampler   : 5: n:  21 NS_acc:0.833 S0_acc:0.399 sub_acc:0.333 H: 3.63 logL 19475.21095 --> 19543.89228 dZ: 336.759 logZ: 19471.578 logLmax: 19784.57
2026-03-10, 16:36:06 - cpnest.NestedSampling.NestedSampler   : 6: n:  21 NS_acc:0.857 S0_acc:0.398 sub_acc:0.095 H: 3.66 logL 19500.55865 --> 19590.21240 dZ: 312.837 logZ: 19496.896 logLmax: 19784.57
2026-03-10, 16:36:06 - cpnest.NestedSampling.NestedSampler   : 7: n:  21 NS_acc:0.875 S0_acc:0.397 sub_acc:0.333 H: 3.69 logL 19529.47968 --> 19660.14475 dZ: 287.488 logZ: 19525.786 logLmax: 19784.57
2026-03-10, 16:36:06 - cpnest.NestedSampling.NestedSampler   : 8: n:  21 NS_acc:0.889 S0_acc:0.396 sub_acc:0.524 H: 3.72 logL 19543.89228 --> 19611.95490 dZ: 258.566 logZ: 19540.169 logLmax: 19784.57
2026-03-10, 16:36:06 - cpnest.NestedSampling.NestedSampler   : 9: n:  21 NS_acc:0.900 S0_acc:0.397 sub_acc:0.524 H: 3.05 logL 19544.06549 --> 19763.46044 dZ: 244.153 logZ: 19540.936 logLmax: 19784.57
2026-03-10, 16:36:06 - cpnest.NestedSampling.NestedSampler   : 10: n:  21 NS_acc:0.909 S0_acc:0.397 sub_acc:0.238 H: 3.78 logL 19565.21573 --> 19680.42667 dZ: 243.354 logZ: 19561.431 logLmax: 19784.57
2026-03-10, 16:36:06 - cpnest.NestedSampling.NestedSampler   : 11: n:  21 NS_acc:0.917 S0_acc:0.395 sub_acc:0.333 H: 3.69 logL 19568.81152 --> 19607.34404 dZ: 222.827 logZ: 19565.025 logLmax: 19784.57
2026-03-10, 16:36:06 - cpnest.NestedSampling.NestedSampler   : 12: n:  21 NS_acc:0.923 S0_acc:0.395 sub_acc:0.286 H: 3.72 logL 19572.47819 --> 19760.47786 dZ: 219.203 logZ: 19568.660 logLmax: 19784.57
2026-03-10, 16:36:06 - cpnest.NestedSampling.NestedSampler   : 13: n:  21 NS_acc:0.929 S0_acc:0.395 sub_acc:0.381 H: 3.88 logL 19586.50003 --> 19586.50003 dZ: 215.536 logZ: 19582.625 logLmax: 19784.57
2026-03-10, 16:36:06 - cpnest.NestedSampling.NestedSampler   : 14: n:  21 NS_acc:0.933 S0_acc:0.393 sub_acc:0.190 H: 3.79 logL 19590.21240 --> 19652.78170 dZ: 201.540 logZ: 19586.332 logLmax: 19784.57
2026-03-10, 16:36:06 - cpnest.NestedSampling.NestedSampler   : 15: n:  20 NS_acc:0.938 S0_acc:0.392 sub_acc:0.500 H: 3.86 logL 19594.53908 --> 19636.28480 dZ: 197.802 logZ: 19590.617 logLmax: 19784.57
2026-03-10, 16:36:06 - cpnest.NestedSampling.NestedSampler   : 16: n:  20 NS_acc:0.941 S0_acc:0.392 sub_acc:0.300 H: 3.75 logL 19597.46983 --> 19616.10946 dZ: 193.485 logZ: 19593.558 logLmax: 19784.57
2026-03-10, 16:36:06 - cpnest.NestedSampling.NestedSampler   : 17: n:  20 NS_acc:0.944 S0_acc:0.392 sub_acc:0.400 H: 4.00 logL 19607.34404 --> 19660.39121 dZ: 190.513 logZ: 19603.348 logLmax: 19784.57
2026-03-10, 16:36:06 - cpnest.NestedSampling.NestedSampler   : 18: n:  20 NS_acc:0.947 S0_acc:0.390 sub_acc:0.500 H: 3.97 logL 19611.95490 --> 19628.23182 dZ: 180.692 logZ: 19607.938 logLmax: 19784.57
2026-03-10, 16:36:06 - cpnest.NestedSampling.NestedSampler   : 19: n:  20 NS_acc:0.950 S0_acc:0.391 sub_acc:0.450 H: 3.97 logL 19616.10946 --> 19707.57368 dZ: 176.070 logZ: 19612.069 logLmax: 19784.57
2026-03-10, 16:36:06 - cpnest.NestedSampling.NestedSampler   : 20: n:  20 NS_acc:0.952 S0_acc:0.391 sub_acc:0.450 H: 4.09 logL 19627.71920 --> 19743.40044 dZ: 171.909 logZ: 19623.632 logLmax: 19784.57
2026-03-10, 16:36:06 - cpnest.NestedSampling.NestedSampler   : 21: n:  20 NS_acc:0.955 S0_acc:0.389 sub_acc:0.100 H: 3.44 logL 19628.23182 --> 19628.76664 dZ: 160.314 logZ: 19624.595 logLmax: 19784.57
2026-03-10, 16:36:06 - cpnest.NestedSampling.NestedSampler   : 22: n:  20 NS_acc:0.957 S0_acc:0.390 sub_acc:0.550 H: 3.11 logL 19628.76664 --> 19672.62768 dZ: 159.320 logZ: 19625.300 logLmax: 19787.26
2026-03-10, 16:36:06 - cpnest.NestedSampling.NestedSampler   : 23: n:  20 NS_acc:0.958 S0_acc:0.391 sub_acc:0.550 H: 4.17 logL 19636.28480 --> 19701.34985 dZ: 161.269 logZ: 19632.108 logLmax: 19787.26
2026-03-10, 16:36:06 - cpnest.NestedSampling.NestedSampler   : 24: n:  20 NS_acc:0.960 S0_acc:0.389 sub_acc:0.100 H: 4.21 logL 19648.39182 --> 19684.68797 dZ: 154.430 logZ: 19644.183 logLmax: 19787.26
2026-03-10, 16:36:06 - cpnest.NestedSampling.NestedSampler   : 25: n:  20 NS_acc:0.962 S0_acc:0.389 sub_acc:0.400 H: 4.17 logL 19652.78170 --> 19719.82436 dZ: 142.324 logZ: 19648.556 logLmax: 19787.26
2026-03-10, 16:36:06 - cpnest.NestedSampling.NestedSampler   : 26: n:  20 NS_acc:0.963 S0_acc:0.389 sub_acc:0.350 H: 4.26 logL 19660.14475 --> 19665.56175 dZ: 137.920 logZ: 19655.876 logLmax: 19787.26
2026-03-10, 16:36:06 - cpnest.NestedSampling.NestedSampler   : 27: n:  20 NS_acc:0.964 S0_acc:0.388 sub_acc:0.400 H: 3.60 logL 19660.39121 --> 19685.90132 dZ: 130.568 logZ: 19656.683 logLmax: 19787.26
2026-03-10, 16:36:06 - cpnest.NestedSampling.NestedSampler   : 28: n:  27 NS_acc:0.966 S0_acc:0.385 sub_acc:0.037 H: 4.01 logL 19663.54152 --> 19724.40366 dZ: 129.730 logZ: 19659.288 logLmax: 19787.26
2026-03-10, 16:36:06 - cpnest.NestedSampling.NestedSampler   : 29: n:  20 NS_acc:0.967 S0_acc:0.385 sub_acc:0.400 H: 3.93 logL 19665.56175 --> 19673.00502 dZ: 127.093 logZ: 19661.339 logLmax: 19787.26
2026-03-10, 16:36:06 - cpnest.NestedSampling.NestedSampler   : 30: n:  32 NS_acc:0.968 S0_acc:0.380 sub_acc:0.188 H: 4.33 logL 19670.35165 --> 19681.03944 dZ: 125.011 logZ: 19665.971 logLmax: 19787.26
2026-03-10, 16:36:06 - cpnest.NestedSampling.NestedSampler   : 31: n:  32 NS_acc:0.969 S0_acc:0.378 sub_acc:0.125 H: 4.09 logL 19672.62768 --> 19722.53076 dZ: 120.348 logZ: 19668.309 logLmax: 19787.26
2026-03-10, 16:36:06 - cpnest.NestedSampling.NestedSampler   : 32: n:  32 NS_acc:0.970 S0_acc:0.377 sub_acc:0.156 H: 3.61 logL 19673.00502 --> 19694.01976 dZ: 117.980 logZ: 19669.132 logLmax: 19787.26
2026-03-10, 16:36:06 - cpnest.NestedSampling.NestedSampler   : Rolling KS test: D=0.312, p-value=0.00283
2026-03-10, 16:36:06 - cpnest.NestedSampling.NestedSampler   : 33: n:  32 NS_acc:0.971 S0_acc:0.376 sub_acc:0.344 H: 3.27 logL 19673.08088 --> 19720.58856 dZ: 117.125 logZ: 19669.594 logLmax: 19787.26
2026-03-10, 16:36:06 - cpnest.NestedSampling.NestedSampler   : 34: n:  32 NS_acc:0.971 S0_acc:0.374 sub_acc:0.219 H: 3.06 logL 19673.50920 --> 19694.90766 dZ: 116.632 logZ: 19670.033 logLmax: 19787.26
2026-03-10, 16:36:06 - cpnest.NestedSampling.NestedSampler   : 35: n:  32 NS_acc:0.972 S0_acc:0.372 sub_acc:0.281 H: 4.11 logL 19676.89693 --> 19696.73796 dZ: 116.162 logZ: 19672.449 logLmax: 19787.26
2026-03-10, 16:36:06 - cpnest.NestedSampling.NestedSampler   : 36: n:  32 NS_acc:0.973 S0_acc:0.370 sub_acc:0.250 H: 3.73 logL 19677.49724 --> 19729.41942 dZ: 113.715 logZ: 19673.408 logLmax: 19787.26
2026-03-10, 16:36:06 - cpnest.NestedSampling.NestedSampler   : 37: n:  32 NS_acc:0.974 S0_acc:0.368 sub_acc:0.094 H: 4.25 logL 19680.42667 --> 19706.48642 dZ: 112.724 logZ: 19675.910 logLmax: 19787.26
2026-03-10, 16:36:06 - cpnest.NestedSampling.NestedSampler   : 38: n:  32 NS_acc:0.974 S0_acc:0.367 sub_acc:0.375 H: 3.82 logL 19681.03944 --> 19778.28873 dZ: 110.191 logZ: 19676.882 logLmax: 19787.26
2026-03-10, 16:36:06 - cpnest.NestedSampling.NestedSampler   : 39: n:  32 NS_acc:0.975 S0_acc:0.365 sub_acc:0.281 H: 3.62 logL 19681.82234 --> 19744.86206 dZ: 109.187 logZ: 19677.723 logLmax: 19787.26
2026-03-10, 16:36:06 - cpnest.NestedSampling.NestedSampler   : 40: n:  32 NS_acc:0.976 S0_acc:0.365 sub_acc:0.312 H: 3.92 logL 19683.66334 --> 19688.51261 dZ: 108.315 logZ: 19679.223 logLmax: 19787.26
2026-03-10, 16:36:06 - cpnest.NestedSampling.NestedSampler   : 41: n:  32 NS_acc:0.976 S0_acc:0.365 sub_acc:0.375 H: 3.62 logL 19683.90488 --> 19751.31540 dZ: 106.784 logZ: 19679.895 logLmax: 19787.26
2026-03-10, 16:36:06 - cpnest.NestedSampling.NestedSampler   : 42: n:  64 NS_acc:0.955 S0_acc:0.361 sub_acc:0.281 H: 3.39 logL 19684.19830 --> 19690.88844 dZ: 106.080 logZ: 19680.388 logLmax: 19787.26
2026-03-10, 16:36:07 - cpnest.NestedSampling.NestedSampler   : 43: n:  32 NS_acc:0.956 S0_acc:0.358 sub_acc:0.094 H: 3.26 logL 19684.68797 --> 19718.71436 dZ: 105.556 logZ: 19680.868 logLmax: 19787.26
2026-03-10, 16:36:07 - cpnest.NestedSampling.NestedSampler   : 44: n:  32 NS_acc:0.957 S0_acc:0.356 sub_acc:0.031 H: 3.43 logL 19685.90132 --> 19690.46553 dZ: 105.045 logZ: 19681.676 logLmax: 19787.26
2026-03-10, 16:36:07 - cpnest.NestedSampling.NestedSampler   : 45: n:  64 NS_acc:0.938 S0_acc:0.353 sub_acc:0.281 H: 4.31 logL 19688.51261 --> 19749.96091 dZ: 104.205 logZ: 19683.796 logLmax: 19787.26
2026-03-10, 16:36:07 - cpnest.NestedSampling.NestedSampler   : 46: n:  32 NS_acc:0.939 S0_acc:0.352 sub_acc:0.125 H: 4.38 logL 19690.46553 --> 19712.50488 dZ: 102.055 logZ: 19685.744 logLmax: 19787.26
2026-03-10, 16:36:07 - cpnest.NestedSampling.NestedSampler   : 47: n:  64 NS_acc:0.922 S0_acc:0.346 sub_acc:0.156 H: 3.99 logL 19690.88844 --> 19763.43769 dZ: 100.075 logZ: 19686.564 logLmax: 19787.26
2026-03-10, 16:36:07 - cpnest.NestedSampling.NestedSampler   : 48: n:  32 NS_acc:0.923 S0_acc:0.345 sub_acc:0.156 H: 4.60 logL 19694.01976 --> 19711.58908 dZ: 99.224 logZ: 19689.161 logLmax: 19787.26
2026-03-10, 16:36:07 - cpnest.NestedSampling.NestedSampler   : 49: n:  32 NS_acc:0.925 S0_acc:0.343 sub_acc:0.344 H: 4.23 logL 19694.90704 --> 19703.51299 dZ: 96.596 logZ: 19690.318 logLmax: 19787.26
2026-03-10, 16:36:07 - cpnest.NestedSampling.NestedSampler   : 50: n:  64 NS_acc:0.909 S0_acc:0.338 sub_acc:0.062 H: 3.86 logL 19694.90766 --> 19724.34445 dZ: 95.407 logZ: 19690.828 logLmax: 19787.26
2026-03-10, 16:36:07 - cpnest.NestedSampling.NestedSampler   : 51: n:  32 NS_acc:0.911 S0_acc:0.336 sub_acc:0.125 H: 4.08 logL 19696.73796 --> 19744.38911 dZ: 94.866 logZ: 19692.057 logLmax: 19787.26
2026-03-10, 16:36:07 - cpnest.NestedSampling.NestedSampler   : 52: n:  32 NS_acc:0.912 S0_acc:0.334 sub_acc:0.094 H: 4.89 logL 19700.53669 --> 19741.35657 dZ: 93.606 logZ: 19695.512 logLmax: 19787.26
2026-03-10, 16:36:07 - cpnest.NestedSampling.NestedSampler   : 53: n:  32 NS_acc:0.914 S0_acc:0.332 sub_acc:0.250 H: 4.40 logL 19701.34985 --> 19721.13684 dZ: 90.120 logZ: 19696.649 logLmax: 19787.26
2026-03-10, 16:36:07 - cpnest.NestedSampling.NestedSampler   : 54: n:  32 NS_acc:0.915 S0_acc:0.330 sub_acc:0.031 H: 4.16 logL 19702.19347 --> 19719.31934 dZ: 88.951 logZ: 19697.578 logLmax: 19787.26
2026-03-10, 16:36:07 - cpnest.NestedSampling.NestedSampler   : 55: n:  32 NS_acc:0.917 S0_acc:0.329 sub_acc:0.188 H: 4.03 logL 19702.95992 --> 19729.72843 dZ: 87.991 logZ: 19698.395 logLmax: 19787.26
2026-03-10, 16:36:07 - cpnest.NestedSampling.NestedSampler   : 56: n:  32 NS_acc:0.918 S0_acc:0.326 sub_acc:0.031 H: 3.89 logL 19703.51299 --> 19713.60745 dZ: 87.143 logZ: 19699.058 logLmax: 19787.26
2026-03-10, 16:36:07 - cpnest.NestedSampling.NestedSampler   : 57: n:  32 NS_acc:0.919 S0_acc:0.325 sub_acc:0.188 H: 4.76 logL 19706.48642 --> 19728.30431 dZ: 86.448 logZ: 19701.381 logLmax: 19787.26
2026-03-10, 16:36:07 - cpnest.NestedSampling.NestedSampler   : 58: n:  64 NS_acc:0.906 S0_acc:0.322 sub_acc:0.188 H: 4.51 logL 19707.57368 --> 19753.72561 dZ: 84.095 logZ: 19702.661 logLmax: 19787.26
2026-03-10, 16:36:07 - cpnest.NestedSampling.NestedSampler   : 59: n:  32 NS_acc:0.908 S0_acc:0.320 sub_acc:0.188 H: 4.16 logL 19707.72273 --> 19719.77710 dZ: 82.784 logZ: 19703.256 logLmax: 19787.26
2026-03-10, 16:36:07 - cpnest.NestedSampling.NestedSampler   : 60: n:  32 NS_acc:0.909 S0_acc:0.318 sub_acc:0.281 H: 5.06 logL 19711.58908 --> 19755.82207 dZ: 82.157 logZ: 19706.337 logLmax: 19787.26
2026-03-10, 16:36:07 - cpnest.NestedSampling.NestedSampler   : 61: n:  32 NS_acc:0.910 S0_acc:0.315 sub_acc:0.156 H: 4.64 logL 19712.50488 --> 19712.61912 dZ: 79.045 logZ: 19707.534 logLmax: 19787.26
2026-03-10, 16:36:07 - cpnest.NestedSampling.NestedSampler   : 62: n:  32 NS_acc:0.912 S0_acc:0.314 sub_acc:0.281 H: 4.26 logL 19712.61912 --> 19738.42775 dZ: 77.816 logZ: 19708.099 logLmax: 19787.26
2026-03-10, 16:36:07 - cpnest.NestedSampling.NestedSampler   : 63: n:  32 NS_acc:0.913 S0_acc:0.312 sub_acc:0.156 H: 4.17 logL 19713.60745 --> 19723.25445 dZ: 77.220 logZ: 19708.853 logLmax: 19787.26
2026-03-10, 16:36:07 - cpnest.NestedSampling.NestedSampler   : 64: n: 128 NS_acc:0.877 S0_acc:0.305 sub_acc:0.156 H: 4.15 logL 19714.41867 --> 19742.53891 dZ: 76.435 logZ: 19709.621 logLmax: 19787.26
2026-03-10, 16:36:07 - cpnest.NestedSampling.NestedSampler   : Rolling KS test: D=0.0938, p-value=0.916
2026-03-10, 16:36:07 - cpnest.NestedSampling.NestedSampler   : 65: n:  64 NS_acc:0.867 S0_acc:0.302 sub_acc:0.219 H: 4.79 logL 19716.68928 --> 19717.79914 dZ: 75.636 logZ: 19711.419 logLmax: 19787.26
2026-03-10, 16:36:07 - cpnest.NestedSampling.NestedSampler   : 66: n:  32 NS_acc:0.868 S0_acc:0.301 sub_acc:0.250 H: 4.68 logL 19717.79914 --> 19750.74764 dZ: 73.806 logZ: 19712.659 logLmax: 19787.26
2026-03-10, 16:36:07 - cpnest.NestedSampling.NestedSampler   : 67: n:  32 NS_acc:0.870 S0_acc:0.300 sub_acc:0.062 H: 4.55 logL 19718.71436 --> 19738.12890 dZ: 72.535 logZ: 19713.661 logLmax: 19787.26
2026-03-10, 16:36:07 - cpnest.NestedSampling.NestedSampler   : 68: n:  32 NS_acc:0.872 S0_acc:0.299 sub_acc:0.094 H: 4.38 logL 19719.31934 --> 19768.44229 dZ: 71.502 logZ: 19714.414 logLmax: 19787.26
2026-03-10, 16:36:07 - cpnest.NestedSampling.NestedSampler   : 69: n:  32 NS_acc:0.873 S0_acc:0.298 sub_acc:0.344 H: 4.23 logL 19719.77710 --> 19746.86700 dZ: 70.718 logZ: 19715.008 logLmax: 19787.26
2026-03-10, 16:36:07 - cpnest.NestedSampling.NestedSampler   : 70: n:  32 NS_acc:0.875 S0_acc:0.297 sub_acc:0.188 H: 4.04 logL 19719.82436 --> 19720.65685 dZ: 70.093 logZ: 19715.383 logLmax: 19787.26
2026-03-10, 16:36:07 - cpnest.NestedSampling.NestedSampler   : 71: n:  32 NS_acc:0.877 S0_acc:0.295 sub_acc:0.250 H: 4.00 logL 19720.58856 --> 19730.57935 dZ: 69.686 logZ: 19715.885 logLmax: 19787.26
2026-03-10, 16:36:07 - cpnest.NestedSampling.NestedSampler   : 72: n:  32 NS_acc:0.878 S0_acc:0.294 sub_acc:0.188 H: 3.88 logL 19720.65685 --> 19725.51661 dZ: 69.153 logZ: 19716.229 logLmax: 19787.26
2026-03-10, 16:36:07 - cpnest.NestedSampling.NestedSampler   : 73: n:  32 NS_acc:0.880 S0_acc:0.293 sub_acc:0.219 H: 3.82 logL 19721.13684 --> 19723.86518 dZ: 68.778 logZ: 19716.605 logLmax: 19787.26
2026-03-10, 16:36:07 - cpnest.NestedSampling.NestedSampler   : 74: n:  32 NS_acc:0.881 S0_acc:0.293 sub_acc:0.281 H: 4.18 logL 19722.53076 --> 19744.60983 dZ: 68.371 logZ: 19717.404 logLmax: 19787.26
2026-03-10, 16:36:07 - cpnest.NestedSampling.NestedSampler   : 75: n:  96 NS_acc:0.862 S0_acc:0.289 sub_acc:0.125 H: 4.31 logL 19723.25445 --> 19735.27224 dZ: 67.540 logZ: 19718.147 logLmax: 19787.26
2026-03-10, 16:36:07 - cpnest.NestedSampling.NestedSampler   : 76: n:  32 NS_acc:0.864 S0_acc:0.289 sub_acc:0.281 H: 4.33 logL 19723.86518 --> 19735.52424 dZ: 66.767 logZ: 19718.807 logLmax: 19787.26
2026-03-10, 16:36:07 - cpnest.NestedSampling.NestedSampler   : 77: n:  64 NS_acc:0.856 S0_acc:0.287 sub_acc:0.406 H: 4.29 logL 19724.34445 --> 19756.12893 dZ: 66.074 logZ: 19719.371 logLmax: 19787.26
2026-03-10, 16:36:07 - cpnest.NestedSampling.NestedSampler   : 78: n:  32 NS_acc:0.857 S0_acc:0.286 sub_acc:0.188 H: 4.15 logL 19724.40366 --> 19752.90859 dZ: 65.479 logZ: 19719.739 logLmax: 19787.26
2026-03-10, 16:36:07 - cpnest.NestedSampling.NestedSampler   : 79: n:  64 NS_acc:0.849 S0_acc:0.284 sub_acc:0.281 H: 4.28 logL 19725.51661 --> 19748.45929 dZ: 65.081 logZ: 19720.384 logLmax: 19787.26
2026-03-10, 16:36:07 - cpnest.NestedSampling.NestedSampler   : 80: n:  32 NS_acc:0.851 S0_acc:0.284 sub_acc:0.219 H: 4.79 logL 19727.09880 --> 19729.52014 dZ: 64.404 logZ: 19721.562 logLmax: 19787.26
2026-03-10, 16:36:07 - cpnest.NestedSampling.NestedSampler   : 81: n:  96 NS_acc:0.835 S0_acc:0.280 sub_acc:0.250 H: 4.96 logL 19728.30431 --> 19767.21095 dZ: 63.195 logZ: 19722.737 logLmax: 19787.26
2026-03-10, 16:36:07 - cpnest.NestedSampling.NestedSampler   : 82: n:  32 NS_acc:0.837 S0_acc:0.280 sub_acc:0.312 H: 5.00 logL 19729.41942 --> 19740.20515 dZ: 61.988 logZ: 19723.851 logLmax: 19787.26
2026-03-10, 16:36:07 - cpnest.NestedSampling.NestedSampler   : 83: n:  32 NS_acc:0.838 S0_acc:0.278 sub_acc:0.156 H: 4.74 logL 19729.52014 --> 19732.30674 dZ: 60.843 logZ: 19724.394 logLmax: 19787.26
2026-03-10, 16:36:07 - cpnest.NestedSampling.NestedSampler   : 84: n:  32 NS_acc:0.840 S0_acc:0.278 sub_acc:0.156 H: 4.53 logL 19729.72843 --> 19745.85109 dZ: 60.269 logZ: 19724.800 logLmax: 19787.26
2026-03-10, 16:36:07 - cpnest.NestedSampling.NestedSampler   : 85: n:  64 NS_acc:0.833 S0_acc:0.276 sub_acc:0.250 H: 4.51 logL 19730.57935 --> 19746.08737 dZ: 59.832 logZ: 19725.364 logLmax: 19787.26
2026-03-10, 16:36:07 - cpnest.NestedSampling.NestedSampler   : 86: n:  32 NS_acc:0.835 S0_acc:0.276 sub_acc:0.250 H: 5.01 logL 19732.30674 --> 19780.71514 dZ: 59.237 logZ: 19726.574 logLmax: 19787.26
2026-03-10, 16:36:07 - cpnest.NestedSampling.NestedSampler   : 87: n:  32 NS_acc:0.837 S0_acc:0.276 sub_acc:0.344 H: 5.78 logL 19735.27224 --> 19755.04732 dZ: 57.996 logZ: 19729.228 logLmax: 19787.26
2026-03-10, 16:36:07 - cpnest.NestedSampling.NestedSampler   : 88: n:  64 NS_acc:0.830 S0_acc:0.273 sub_acc:0.188 H: 5.29 logL 19735.52424 --> 19740.47231 dZ: 55.311 logZ: 19729.998 logLmax: 19787.26
2026-03-10, 16:36:07 - cpnest.NestedSampling.NestedSampler   : 89: n:  32 NS_acc:0.832 S0_acc:0.273 sub_acc:0.312 H: 5.69 logL 19738.12890 --> 19744.08729 dZ: 54.509 logZ: 19732.083 logLmax: 19787.26
2026-03-10, 16:36:07 - cpnest.NestedSampling.NestedSampler   : 90: n:  32 NS_acc:0.833 S0_acc:0.272 sub_acc:0.219 H: 5.28 logL 19738.42775 --> 19775.38138 dZ: 52.392 logZ: 19732.847 logLmax: 19787.26
2026-03-10, 16:36:07 - cpnest.NestedSampling.NestedSampler   : 91: n: 128 NS_acc:0.812 S0_acc:0.267 sub_acc:0.406 H: 5.44 logL 19740.20515 --> 19767.94362 dZ: 51.598 logZ: 19734.249 logLmax: 19787.26
2026-03-10, 16:36:07 - cpnest.NestedSampling.NestedSampler   : 92: n:  96 NS_acc:0.800 S0_acc:0.263 sub_acc:0.188 H: 5.15 logL 19740.47231 --> 19744.89193 dZ: 50.164 logZ: 19734.919 logLmax: 19787.26
2026-03-10, 16:36:07 - cpnest.NestedSampling.NestedSampler   : 93: n:  32 NS_acc:0.802 S0_acc:0.262 sub_acc:0.219 H: 5.08 logL 19741.35657 --> 19759.30992 dZ: 49.462 logZ: 19735.684 logLmax: 19787.26
2026-03-10, 16:36:07 - cpnest.NestedSampling.NestedSampler   : 94: n:  32 NS_acc:0.803 S0_acc:0.261 sub_acc:0.125 H: 5.20 logL 19742.53891 --> 19767.40242 dZ: 48.667 logZ: 19736.674 logLmax: 19787.26
2026-03-10, 16:36:07 - cpnest.NestedSampling.NestedSampler   : 95: n:  32 NS_acc:0.805 S0_acc:0.260 sub_acc:0.125 H: 5.21 logL 19743.40044 --> 19750.76011 dZ: 47.646 logZ: 19737.567 logLmax: 19787.26
2026-03-10, 16:36:07 - cpnest.NestedSampling.NestedSampler   : 96: n:  32 NS_acc:0.807 S0_acc:0.259 sub_acc:0.156 H: 5.15 logL 19744.08729 --> 19745.94755 dZ: 46.721 logZ: 19738.327 logLmax: 19787.26
2026-03-10, 16:36:07 - cpnest.NestedSampling.NestedSampler   : Rolling KS test: D=0.125, p-value=0.654
2026-03-10, 16:36:07 - cpnest.NestedSampling.NestedSampler   : 97: n:  32 NS_acc:0.808 S0_acc:0.259 sub_acc:0.188 H: 4.99 logL 19744.38911 --> 19764.56846 dZ: 45.930 logZ: 19738.857 logLmax: 19787.26
2026-03-10, 16:36:07 - cpnest.NestedSampling.NestedSampler   : 98: n:  64 NS_acc:0.803 S0_acc:0.257 sub_acc:0.062 H: 4.84 logL 19744.60983 --> 19764.07013 dZ: 45.369 logZ: 19739.261 logLmax: 19787.26
2026-03-10, 16:36:07 - cpnest.NestedSampling.NestedSampler   : 99: n:  87 NS_acc:0.792 S0_acc:0.255 sub_acc:0.261 H: 4.72 logL 19744.86206 --> 19777.09476 dZ: 44.934 logZ: 19739.608 logLmax: 19787.26
2026-03-10, 16:36:07 - cpnest.NestedSampling.NestedSampler   : 100: n:  23 NS_acc:0.794 S0_acc:0.255 sub_acc:0.217 H: 4.59 logL 19744.89193 --> 19748.19131 dZ: 44.555 logZ: 19739.865 logLmax: 19787.26
2026-03-10, 16:36:07 - cpnest.NestedSampling.NestedSampler   : 101: n:  23 NS_acc:0.795 S0_acc:0.255 sub_acc:0.087 H: 4.47 logL 19744.95561 --> 19746.86112 dZ: 44.267 logZ: 19740.075 logLmax: 19787.26
2026-03-10, 16:36:07 - cpnest.NestedSampling.NestedSampler   : 102: n:  23 NS_acc:0.797 S0_acc:0.254 sub_acc:0.130 H: 4.51 logL 19745.85109 --> 19746.93909 dZ: 44.025 logZ: 19740.447 logLmax: 19787.26
2026-03-10, 16:36:07 - cpnest.NestedSampling.NestedSampler   : 103: n:  55 NS_acc:0.792 S0_acc:0.253 sub_acc:0.087 H: 4.47 logL 19745.94755 --> 19768.65952 dZ: 43.622 logZ: 19740.734 logLmax: 19787.26
2026-03-10, 16:36:07 - cpnest.NestedSampling.NestedSampler   : 104: n:  57 NS_acc:0.788 S0_acc:0.252 sub_acc:0.040 H: 4.41 logL 19746.07640 --> 19746.07640 dZ: 43.304 logZ: 19740.977 logLmax: 19787.26
2026-03-10, 16:36:07 - cpnest.NestedSampling.NestedSampler   : 105: n:  23 NS_acc:0.789 S0_acc:0.251 sub_acc:0.261 H: 4.34 logL 19746.08737 --> 19781.96596 dZ: 43.030 logZ: 19741.169 logLmax: 19787.26
2026-03-10, 16:36:07 - cpnest.NestedSampling.NestedSampler   : 106: n:  23 NS_acc:0.791 S0_acc:0.251 sub_acc:0.217 H: 4.39 logL 19746.86112 --> 19783.49224 dZ: 42.806 logZ: 19741.482 logLmax: 19787.26
2026-03-10, 16:36:07 - cpnest.NestedSampling.NestedSampler   : 107: n:  55 NS_acc:0.787 S0_acc:0.249 sub_acc:0.261 H: 4.37 logL 19746.86700 --> 19751.69336 dZ: 42.462 logZ: 19741.715 logLmax: 19787.26
2026-03-10, 16:36:07 - cpnest.NestedSampling.NestedSampler   : 108: n:  55 NS_acc:0.783 S0_acc:0.247 sub_acc:0.043 H: 4.32 logL 19746.93909 --> 19747.09299 dZ: 42.198 logZ: 19741.911 logLmax: 19787.26
2026-03-10, 16:36:07 - cpnest.NestedSampling.NestedSampler   : 109: n:  23 NS_acc:0.784 S0_acc:0.246 sub_acc:0.174 H: 4.28 logL 19747.09299 --> 19750.82398 dZ: 41.971 logZ: 19742.094 logLmax: 19787.26
2026-03-10, 16:36:07 - cpnest.NestedSampling.NestedSampler   : 110: n:  23 NS_acc:0.786 S0_acc:0.246 sub_acc:0.304 H: 4.48 logL 19748.19131 --> 19770.14993 dZ: 41.756 logZ: 19742.492 logLmax: 19787.26
2026-03-10, 16:36:07 - cpnest.NestedSampling.NestedSampler   : 111: n:  32 NS_acc:0.787 S0_acc:0.245 sub_acc:0.156 H: 4.57 logL 19748.45929 --> 19776.79153 dZ: 41.328 logZ: 19742.839 logLmax: 19787.26
2026-03-10, 16:36:07 - cpnest.NestedSampling.NestedSampler   : 112: n:  32 NS_acc:0.789 S0_acc:0.245 sub_acc:0.219 H: 5.18 logL 19749.96091 --> 19773.23485 dZ: 40.949 logZ: 19743.663 logLmax: 19787.26
2026-03-10, 16:36:07 - cpnest.NestedSampling.NestedSampler   : 113: n:  96 NS_acc:0.779 S0_acc:0.243 sub_acc:0.188 H: 5.43 logL 19750.74764 --> 19781.94364 dZ: 40.094 logZ: 19744.450 logLmax: 19787.26
2026-03-10, 16:36:07 - cpnest.NestedSampling.NestedSampler   : 114: n:  32 NS_acc:0.781 S0_acc:0.242 sub_acc:0.344 H: 5.31 logL 19750.76011 --> 19763.27577 dZ: 39.276 logZ: 19744.878 logLmax: 19787.26
2026-03-10, 16:36:07 - cpnest.NestedSampling.NestedSampler   : 115: n:  32 NS_acc:0.782 S0_acc:0.242 sub_acc:0.250 H: 5.17 logL 19750.82398 --> 19756.65684 dZ: 38.816 logZ: 19745.186 logLmax: 19787.26
2026-03-10, 16:36:07 - cpnest.NestedSampling.NestedSampler   : 116: n: 192 NS_acc:0.758 S0_acc:0.237 sub_acc:0.219 H: 5.07 logL 19751.09522 --> 19765.18264 dZ: 38.477 logZ: 19745.477 logLmax: 19787.26
2026-03-10, 16:36:07 - cpnest.NestedSampling.NestedSampler   : 117: n:  32 NS_acc:0.760 S0_acc:0.236 sub_acc:0.062 H: 4.98 logL 19751.31540 --> 19756.98670 dZ: 38.155 logZ: 19745.743 logLmax: 19787.26
2026-03-10, 16:36:07 - cpnest.NestedSampling.NestedSampler   : 118: n:  89 NS_acc:0.752 S0_acc:0.235 sub_acc:0.200 H: 4.94 logL 19751.69336 --> 19759.50842 dZ: 37.858 logZ: 19746.028 logLmax: 19787.26
2026-03-10, 16:36:07 - cpnest.NestedSampling.NestedSampler   : 119: n:  25 NS_acc:0.753 S0_acc:0.235 sub_acc:0.200 H: 5.21 logL 19752.90859 --> 19772.77054 dZ: 37.541 logZ: 19746.623 logLmax: 19787.26
2026-03-10, 16:36:07 - cpnest.NestedSampling.NestedSampler   : 120: n:  30 NS_acc:0.755 S0_acc:0.234 sub_acc:0.033 H: 5.46 logL 19753.72561 --> 19757.21890 dZ: 36.915 logZ: 19747.309 logLmax: 19787.26
2026-03-10, 16:36:07 - cpnest.NestedSampling.NestedSampler   : 121: n:  25 NS_acc:0.756 S0_acc:0.233 sub_acc:0.240 H: 5.90 logL 19755.04732 --> 19764.89242 dZ: 36.198 logZ: 19748.340 logLmax: 19787.26
2026-03-10, 16:36:07 - cpnest.NestedSampling.NestedSampler   : 122: n:  57 NS_acc:0.753 S0_acc:0.232 sub_acc:0.360 H: 5.95 logL 19755.82207 --> 19771.74160 dZ: 35.135 logZ: 19749.197 logLmax: 19787.26
2026-03-10, 16:36:07 - cpnest.NestedSampling.NestedSampler   : 123: n:  57 NS_acc:0.750 S0_acc:0.232 sub_acc:0.280 H: 5.81 logL 19756.12893 --> 19767.14439 dZ: 34.248 logZ: 19749.761 logLmax: 19787.26
2026-03-10, 16:36:07 - cpnest.NestedSampling.NestedSampler   : 124: n:  25 NS_acc:0.752 S0_acc:0.231 sub_acc:0.120 H: 5.72 logL 19756.65684 --> 19758.82583 dZ: 33.652 logZ: 19750.297 logLmax: 19787.26
2026-03-10, 16:36:07 - cpnest.NestedSampling.NestedSampler   : 125: n:  25 NS_acc:0.753 S0_acc:0.231 sub_acc:0.240 H: 5.58 logL 19756.71849 --> 19756.71849 dZ: 33.084 logZ: 19750.654 logLmax: 19787.26
2026-03-10, 16:36:07 - cpnest.NestedSampling.NestedSampler   : 126: n:  29 NS_acc:0.754 S0_acc:0.230 sub_acc:0.034 H: 5.46 logL 19756.98670 --> 19763.92109 dZ: 32.697 logZ: 19750.976 logLmax: 19787.26
2026-03-10, 16:36:07 - cpnest.NestedSampling.NestedSampler   : 127: n:  25 NS_acc:0.756 S0_acc:0.230 sub_acc:0.360 H: 5.37 logL 19757.21890 --> 19779.42430 dZ: 32.343 logZ: 19751.267 logLmax: 19787.26
2026-03-10, 16:36:07 - cpnest.NestedSampling.NestedSampler   : 128: n:  25 NS_acc:0.757 S0_acc:0.230 sub_acc:0.200 H: 5.42 logL 19758.01947 --> 19774.44102 dZ: 32.021 logZ: 19751.702 logLmax: 19787.26
2026-03-10, 16:36:07 - cpnest.NestedSampling.NestedSampler   : Rolling KS test: D=0.156, p-value=0.376
2026-03-10, 16:36:07 - cpnest.NestedSampling.NestedSampler   : 129: n:  25 NS_acc:0.759 S0_acc:0.229 sub_acc:0.200 H: 5.59 logL 19758.82583 --> 19769.89768 dZ: 31.555 logZ: 19752.270 logLmax: 19787.26
2026-03-10, 16:36:07 - cpnest.NestedSampling.NestedSampler   : 130: n:  25 NS_acc:0.760 S0_acc:0.229 sub_acc:0.320 H: 5.66 logL 19759.30992 --> 19778.53020 dZ: 30.955 logZ: 19752.791 logLmax: 19787.26
2026-03-10, 16:36:07 - cpnest.NestedSampling.NestedSampler   : 131: n:  25 NS_acc:0.762 S0_acc:0.228 sub_acc:0.120 H: 5.61 logL 19759.50842 --> 19778.47794 dZ: 30.403 logZ: 19753.183 logLmax: 19787.26
2026-03-10, 16:36:07 - cpnest.NestedSampling.NestedSampler   : 132: n:  32 NS_acc:0.763 S0_acc:0.228 sub_acc:0.312 H: 5.77 logL 19760.47786 --> 19776.29923 dZ: 29.980 logZ: 19753.787 logLmax: 19787.26
2026-03-10, 16:36:07 - cpnest.NestedSampling.NestedSampler   : 133: n:  32 NS_acc:0.764 S0_acc:0.228 sub_acc:0.219 H: 6.93 logL 19763.27577 --> 19770.72984 dZ: 29.344 logZ: 19755.894 logLmax: 19787.26
2026-03-10, 16:36:07 - cpnest.NestedSampling.NestedSampler   : 134: n:  32 NS_acc:0.766 S0_acc:0.227 sub_acc:0.125 H: 6.54 logL 19763.43769 --> 19776.01942 dZ: 27.207 logZ: 19756.588 logLmax: 19787.26
2026-03-10, 16:36:07 - cpnest.NestedSampling.NestedSampler   : 135: n:  32 NS_acc:0.767 S0_acc:0.228 sub_acc:0.375 H: 6.25 logL 19763.46044 --> 19771.46653 dZ: 26.481 logZ: 19756.991 logLmax: 19787.26
2026-03-10, 16:36:07 - cpnest.NestedSampling.NestedSampler   : 136: n:  32 NS_acc:0.768 S0_acc:0.227 sub_acc:0.094 H: 6.07 logL 19763.92109 --> 19769.49022 dZ: 26.047 logZ: 19757.404 logLmax: 19787.26
2026-03-10, 16:36:07 - cpnest.NestedSampling.NestedSampler   : 137: n:  32 NS_acc:0.770 S0_acc:0.226 sub_acc:0.062 H: 5.91 logL 19764.07013 --> 19764.78934 dZ: 25.603 logZ: 19757.726 logLmax: 19787.26
2026-03-10, 16:36:07 - cpnest.NestedSampling.NestedSampler   : 138: n:  32 NS_acc:0.771 S0_acc:0.226 sub_acc:0.125 H: 5.83 logL 19764.56846 --> 19770.59807 dZ: 25.250 logZ: 19758.091 logLmax: 19787.26
2026-03-10, 16:36:07 - cpnest.NestedSampling.NestedSampler   : 139: n:  32 NS_acc:0.772 S0_acc:0.226 sub_acc:0.219 H: 5.75 logL 19764.78934 --> 19771.34699 dZ: 24.854 logZ: 19758.405 logLmax: 19787.26
2026-03-10, 16:36:07 - cpnest.NestedSampling.NestedSampler   : 140: n:  96 NS_acc:0.765 S0_acc:0.224 sub_acc:0.125 H: 5.66 logL 19764.89242 --> 19765.77153 dZ: 24.508 logZ: 19758.660 logLmax: 19787.26
2026-03-10, 16:36:07 - cpnest.NestedSampling.NestedSampler   : 141: n:  32 NS_acc:0.766 S0_acc:0.224 sub_acc:0.156 H: 5.60 logL 19765.18264 --> 19766.06209 dZ: 24.222 logZ: 19758.916 logLmax: 19787.26
2026-03-10, 16:36:07 - cpnest.NestedSampling.NestedSampler   : 142: n:  32 NS_acc:0.768 S0_acc:0.224 sub_acc:0.156 H: 5.62 logL 19765.77153 --> 19775.94625 dZ: 23.934 logZ: 19759.249 logLmax: 19787.26
2026-03-10, 16:36:07 - cpnest.NestedSampling.NestedSampler   : 143: n:  32 NS_acc:0.769 S0_acc:0.224 sub_acc:0.281 H: 5.63 logL 19766.06209 --> 19768.93490 dZ: 23.570 logZ: 19759.562 logLmax: 19787.26
2026-03-10, 16:36:07 - cpnest.NestedSampling.NestedSampler   : 144: n:  32 NS_acc:0.770 S0_acc:0.223 sub_acc:0.156 H: 5.91 logL 19767.14439 --> 19778.28792 dZ: 23.226 logZ: 19760.132 logLmax: 19787.26
2026-03-10, 16:36:07 - cpnest.NestedSampling.NestedSampler   : 145: n:  64 NS_acc:0.767 S0_acc:0.224 sub_acc:0.344 H: 5.90 logL 19767.21095 --> 19781.36179 dZ: 22.624 logZ: 19760.505 logLmax: 19787.26
2026-03-10, 16:36:07 - cpnest.NestedSampling.NestedSampler   : 146: n:  32 NS_acc:0.768 S0_acc:0.223 sub_acc:0.031 H: 5.86 logL 19767.40242 --> 19773.42405 dZ: 22.221 logZ: 19760.816 logLmax: 19787.26
2026-03-10, 16:36:07 - cpnest.NestedSampling.NestedSampler   : 147: n:  32 NS_acc:0.770 S0_acc:0.223 sub_acc:0.281 H: 5.78 logL 19767.45126 --> 19767.45126 dZ: 21.879 logZ: 19761.057 logLmax: 19787.26
2026-03-10, 16:36:07 - cpnest.NestedSampling.NestedSampler   : 148: n:  64 NS_acc:0.767 S0_acc:0.222 sub_acc:0.188 H: 5.77 logL 19767.94362 --> 19781.93482 dZ: 21.606 logZ: 19761.349 logLmax: 19787.26
2026-03-10, 16:36:07 - cpnest.NestedSampling.NestedSampler   : 149: n:  32 NS_acc:0.768 S0_acc:0.222 sub_acc:0.250 H: 5.81 logL 19768.44229 --> 19769.22161 dZ: 21.283 logZ: 19761.689 logLmax: 19787.26
2026-03-10, 16:36:07 - cpnest.NestedSampling.NestedSampler   : 150: n:  32 NS_acc:0.769 S0_acc:0.222 sub_acc:0.188 H: 5.81 logL 19768.65952 --> 19772.18025 dZ: 20.911 logZ: 19761.988 logLmax: 19787.26
2026-03-10, 16:36:07 - cpnest.NestedSampling.NestedSampler   : 151: n:  32 NS_acc:0.770 S0_acc:0.222 sub_acc:0.188 H: 5.80 logL 19768.90345 --> 19768.90345 dZ: 20.582 logZ: 19762.265 logLmax: 19787.26
2026-03-10, 16:36:07 - cpnest.NestedSampling.NestedSampler   : 152: n:  64 NS_acc:0.768 S0_acc:0.221 sub_acc:0.281 H: 5.75 logL 19768.93490 --> 19781.13107 dZ: 20.273 logZ: 19762.482 logLmax: 19787.26
2026-03-10, 16:36:07 - cpnest.NestedSampling.NestedSampler   : 153: n:  32 NS_acc:0.769 S0_acc:0.221 sub_acc:0.188 H: 5.73 logL 19769.22161 --> 19775.42578 dZ: 20.025 logZ: 19762.707 logLmax: 19787.26
2026-03-10, 16:36:07 - cpnest.NestedSampling.NestedSampler   : 154: n:  32 NS_acc:0.770 S0_acc:0.220 sub_acc:0.188 H: 5.71 logL 19769.49022 --> 19773.01676 dZ: 19.769 logZ: 19762.934 logLmax: 19787.26
2026-03-10, 16:36:07 - cpnest.NestedSampling.NestedSampler   : 155: n: 128 NS_acc:0.760 S0_acc:0.218 sub_acc:0.062 H: 5.74 logL 19769.89768 --> 19776.90268 dZ: 19.510 logZ: 19763.194 logLmax: 19787.26
2026-03-10, 16:36:07 - cpnest.NestedSampling.NestedSampler   : 156: n:  55 NS_acc:0.757 S0_acc:0.217 sub_acc:0.217 H: 5.76 logL 19770.14993 --> 19779.36977 dZ: 19.219 logZ: 19763.445 logLmax: 19787.26
2026-03-10, 16:36:07 - cpnest.NestedSampling.NestedSampler   : 157: n:  23 NS_acc:0.758 S0_acc:0.217 sub_acc:0.174 H: 5.82 logL 19770.59807 --> 19770.66537 dZ: 18.936 logZ: 19763.736 logLmax: 19787.26
2026-03-10, 16:36:07 - cpnest.NestedSampling.NestedSampler   : 158: n:  55 NS_acc:0.756 S0_acc:0.217 sub_acc:0.435 H: 5.82 logL 19770.66537 --> 19780.15839 dZ: 18.614 logZ: 19763.969 logLmax: 19787.26
2026-03-10, 16:36:07 - cpnest.NestedSampling.NestedSampler   : 159: n:  23 NS_acc:0.757 S0_acc:0.216 sub_acc:0.043 H: 5.79 logL 19770.72984 --> 19781.85509 dZ: 18.351 logZ: 19764.163 logLmax: 19787.26
2026-03-10, 16:36:07 - cpnest.NestedSampling.NestedSampler   : 160: n:  23 NS_acc:0.758 S0_acc:0.216 sub_acc:0.087 H: 5.85 logL 19771.34699 --> 19781.29128 dZ: 18.125 logZ: 19764.439 logLmax: 19787.26
2026-03-10, 16:36:07 - cpnest.NestedSampling.NestedSampler   : Rolling KS test: D=0.156, p-value=0.376
2026-03-10, 16:36:07 - cpnest.NestedSampling.NestedSampler   : 161: n:  23 NS_acc:0.759 S0_acc:0.216 sub_acc:0.391 H: 5.86 logL 19771.46653 --> 19771.75618 dZ: 17.818 logZ: 19764.673 logLmax: 19787.26
2026-03-10, 16:36:07 - cpnest.NestedSampling.NestedSampler   : 162: n:  32 NS_acc:0.761 S0_acc:0.215 sub_acc:0.031 H: 5.88 logL 19771.74160 --> 19779.62274 dZ: 17.552 logZ: 19764.910 logLmax: 19787.26
2026-03-10, 16:36:07 - cpnest.NestedSampling.NestedSampler   : 163: n:  55 NS_acc:0.758 S0_acc:0.214 sub_acc:0.261 H: 5.86 logL 19771.75618 --> 19783.49549 dZ: 17.285 logZ: 19765.098 logLmax: 19787.26
2026-03-10, 16:36:07 - cpnest.NestedSampling.NestedSampler   : 164: n:  63 NS_acc:0.756 S0_acc:0.213 sub_acc:0.032 H: 5.88 logL 19772.18025 --> 19775.94185 dZ: 17.065 logZ: 19765.325 logLmax: 19787.26
2026-03-10, 16:36:07 - cpnest.NestedSampling.NestedSampler   : 165: n:  23 NS_acc:0.757 S0_acc:0.213 sub_acc:0.391 H: 5.99 logL 19772.77054 --> 19776.09303 dZ: 16.807 logZ: 19765.628 logLmax: 19787.26
2026-03-10, 16:36:07 - cpnest.NestedSampling.NestedSampler   : 166: n:  23 NS_acc:0.758 S0_acc:0.213 sub_acc:0.217 H: 6.05 logL 19773.01676 --> 19777.43267 dZ: 16.472 logZ: 19765.910 logLmax: 19787.26
2026-03-10, 16:36:07 - cpnest.NestedSampling.NestedSampler   : 167: n:  64 NS_acc:0.756 S0_acc:0.212 sub_acc:0.125 H: 6.08 logL 19773.23485 --> 19775.53930 dZ: 16.159 logZ: 19766.169 logLmax: 19787.26
2026-03-10, 16:36:07 - cpnest.NestedSampling.NestedSampler   : 168: n:  32 NS_acc:0.757 S0_acc:0.212 sub_acc:0.125 H: 6.09 logL 19773.42405 --> 19775.28504 dZ: 15.869 logZ: 19766.407 logLmax: 19787.26
2026-03-10, 16:36:07 - cpnest.NestedSampling.NestedSampler   : 169: n:  32 NS_acc:0.758 S0_acc:0.211 sub_acc:0.281 H: 6.25 logL 19774.21275 --> 19774.21275 dZ: 15.600 logZ: 19766.779 logLmax: 19787.26
2026-03-10, 16:36:07 - cpnest.NestedSampling.NestedSampler   : 170: n:  96 NS_acc:0.752 S0_acc:0.210 sub_acc:0.312 H: 6.32 logL 19774.44102 --> 19785.71526 dZ: 15.197 logZ: 19767.100 logLmax: 19787.26
2026-03-10, 16:36:07 - cpnest.NestedSampling.NestedSampler   : 171: n:  32 NS_acc:0.753 S0_acc:0.210 sub_acc:0.219 H: 6.55 logL 19775.28504 --> 19775.76497 dZ: 14.844 logZ: 19767.582 logLmax: 19787.26
2026-03-10, 16:36:07 - cpnest.NestedSampling.NestedSampler   : 172: n:  32 NS_acc:0.754 S0_acc:0.210 sub_acc:0.281 H: 6.57 logL 19775.38138 --> 19782.24300 dZ: 14.331 logZ: 19767.925 logLmax: 19787.26
2026-03-10, 16:36:07 - cpnest.NestedSampling.NestedSampler   : 173: n:  32 NS_acc:0.755 S0_acc:0.211 sub_acc:0.219 H: 6.52 logL 19775.42578 --> 19782.71398 dZ: 13.957 logZ: 19768.183 logLmax: 19787.26
2026-03-10, 16:36:07 - cpnest.NestedSampling.NestedSampler   : 174: n:  32 NS_acc:0.757 S0_acc:0.210 sub_acc:0.250 H: 6.47 logL 19775.53930 --> 19781.26055 dZ: 13.667 logZ: 19768.404 logLmax: 19787.26
2026-03-10, 16:36:07 - cpnest.NestedSampling.NestedSampler   : 175: n:  64 NS_acc:0.754 S0_acc:0.210 sub_acc:0.312 H: 6.43 logL 19775.76497 --> 19776.33054 dZ: 13.415 logZ: 19768.620 logLmax: 19787.26
2026-03-10, 16:36:07 - cpnest.NestedSampling.NestedSampler   : 176: n:  32 NS_acc:0.755 S0_acc:0.209 sub_acc:0.125 H: 6.39 logL 19775.94185 --> 19778.33860 dZ: 13.168 logZ: 19768.823 logLmax: 19787.26
2026-03-10, 16:36:07 - cpnest.NestedSampling.NestedSampler   : 177: n:  32 NS_acc:0.756 S0_acc:0.209 sub_acc:0.281 H: 6.33 logL 19775.94625 --> 19782.99101 dZ: 12.934 logZ: 19768.987 logLmax: 19787.26
2026-03-10, 16:36:08 - cpnest.NestedSampling.NestedSampler   : 178: n:  95 NS_acc:0.751 S0_acc:0.209 sub_acc:0.387 H: 6.28 logL 19776.01942 --> 19784.83355 dZ: 12.738 logZ: 19769.134 logLmax: 19787.26
2026-03-10, 16:36:08 - cpnest.NestedSampling.NestedSampler   : 179: n:  31 NS_acc:0.752 S0_acc:0.209 sub_acc:0.258 H: 6.23 logL 19776.09303 --> 19779.10902 dZ: 12.560 logZ: 19769.268 logLmax: 19787.26
2026-03-10, 16:36:08 - cpnest.NestedSampling.NestedSampler   : 180: n:  31 NS_acc:0.753 S0_acc:0.209 sub_acc:0.290 H: 6.20 logL 19776.29923 --> 19779.19405 dZ: 12.396 logZ: 19769.406 logLmax: 19787.26
2026-03-10, 16:36:08 - cpnest.NestedSampling.NestedSampler   : 181: n:  31 NS_acc:0.754 S0_acc:0.209 sub_acc:0.097 H: 6.16 logL 19776.33054 --> 19781.60196 dZ: 12.225 logZ: 19769.528 logLmax: 19787.26
2026-03-10, 16:36:08 - cpnest.NestedSampling.NestedSampler   : 182: n:  63 NS_acc:0.752 S0_acc:0.208 sub_acc:0.129 H: 6.16 logL 19776.79153 --> 19782.22262 dZ: 12.072 logZ: 19769.691 logLmax: 19787.26
2026-03-10, 16:36:08 - cpnest.NestedSampling.NestedSampler   : 183: n:  31 NS_acc:0.753 S0_acc:0.208 sub_acc:0.258 H: 6.16 logL 19776.90268 --> 19784.27818 dZ: 11.878 logZ: 19769.842 logLmax: 19787.26
2026-03-10, 16:36:08 - cpnest.NestedSampling.NestedSampler   : 184: n:  63 NS_acc:0.751 S0_acc:0.207 sub_acc:0.097 H: 6.16 logL 19777.09476 --> 19780.78961 dZ: 11.696 logZ: 19769.994 logLmax: 19787.26
2026-03-10, 16:36:08 - cpnest.NestedSampling.NestedSampler   : 185: n:  31 NS_acc:0.752 S0_acc:0.207 sub_acc:0.258 H: 6.19 logL 19777.43267 --> 19781.38673 dZ: 11.512 logZ: 19770.170 logLmax: 19787.26
2026-03-10, 16:36:08 - cpnest.NestedSampling.NestedSampler   : 186: n:  31 NS_acc:0.753 S0_acc:0.207 sub_acc:0.194 H: 6.40 logL 19778.28792 --> 19781.44610 dZ: 11.305 logZ: 19770.483 logLmax: 19787.26
2026-03-10, 16:36:08 - cpnest.NestedSampling.NestedSampler   : 187: n:  31 NS_acc:0.754 S0_acc:0.206 sub_acc:0.161 H: 6.46 logL 19778.28873 --> 19779.32709 dZ: 10.961 logZ: 19770.715 logLmax: 19787.26
2026-03-10, 16:36:08 - cpnest.NestedSampling.NestedSampler   : 188: n:  31 NS_acc:0.755 S0_acc:0.206 sub_acc:0.194 H: 6.47 logL 19778.33860 --> 19783.82335 dZ: 10.698 logZ: 19770.907 logLmax: 19787.26
2026-03-10, 16:36:08 - cpnest.NestedSampling.NestedSampler   : 189: n:  63 NS_acc:0.753 S0_acc:0.205 sub_acc:0.065 H: 6.47 logL 19778.47794 --> 19782.17708 dZ: 10.475 logZ: 19771.085 logLmax: 19787.26
2026-03-10, 16:36:08 - cpnest.NestedSampling.NestedSampler   : 190: n:  31 NS_acc:0.754 S0_acc:0.204 sub_acc:0.129 H: 6.45 logL 19778.53020 --> 19780.22994 dZ: 10.266 logZ: 19771.239 logLmax: 19787.26
2026-03-10, 16:36:08 - cpnest.NestedSampling.NestedSampler   : 191: n:  54 NS_acc:0.752 S0_acc:0.204 sub_acc:0.273 H: 6.51 logL 19779.10902 --> 19779.30739 dZ: 10.081 logZ: 19771.459 logLmax: 19787.26
2026-03-10, 16:36:08 - cpnest.NestedSampling.NestedSampler   : 192: n:  54 NS_acc:0.750 S0_acc:0.203 sub_acc:0.273 H: 6.54 logL 19779.19405 --> 19781.83279 dZ: 9.829 logZ: 19771.649 logLmax: 19787.26
2026-03-10, 16:36:08 - cpnest.NestedSampling.NestedSampler   : Rolling KS test: D=0.125, p-value=0.654
2026-03-10, 16:36:08 - cpnest.NestedSampling.NestedSampler   : 193: n:  54 NS_acc:0.748 S0_acc:0.202 sub_acc:0.227 H: 6.54 logL 19779.30739 --> 19780.98042 dZ: 9.608 logZ: 19771.821 logLmax: 19787.26
2026-03-10, 16:36:08 - cpnest.NestedSampling.NestedSampler   : 194: n:  59 NS_acc:0.746 S0_acc:0.202 sub_acc:0.037 H: 6.53 logL 19779.32709 --> 19780.04466 dZ: 9.404 logZ: 19771.967 logLmax: 19787.26
2026-03-10, 16:36:08 - cpnest.NestedSampling.NestedSampler   : 195: n:  22 NS_acc:0.747 S0_acc:0.201 sub_acc:0.091 H: 6.50 logL 19779.36977 --> 19783.76683 dZ: 9.228 logZ: 19772.095 logLmax: 19787.26
2026-03-10, 16:36:08 - cpnest.NestedSampling.NestedSampler   : 196: n:  23 NS_acc:0.748 S0_acc:0.201 sub_acc:0.043 H: 6.48 logL 19779.42430 --> 19779.61949 dZ: 9.068 logZ: 19772.212 logLmax: 19787.26
2026-03-10, 16:36:08 - cpnest.NestedSampling.NestedSampler   : 197: n: 150 NS_acc:0.738 S0_acc:0.199 sub_acc:0.091 H: 6.46 logL 19779.61949 --> 19782.15425 dZ: 8.920 logZ: 19772.334 logLmax: 19787.26
2026-03-10, 16:36:08 - cpnest.NestedSampling.NestedSampler   : 198: n:  58 NS_acc:0.736 S0_acc:0.199 sub_acc:0.077 H: 6.44 logL 19779.62274 --> 19785.42209 dZ: 8.767 logZ: 19772.439 logLmax: 19787.26
2026-03-10, 16:36:08 - cpnest.NestedSampling.NestedSampler   : 199: n:  26 NS_acc:0.737 S0_acc:0.199 sub_acc:0.231 H: 6.45 logL 19780.04466 --> 19785.58078 dZ: 8.630 logZ: 19772.578 logLmax: 19787.26
2026-03-10, 16:36:08 - cpnest.NestedSampling.NestedSampler   : 200: n:  26 NS_acc:0.738 S0_acc:0.199 sub_acc:0.231 H: 6.46 logL 19780.15839 --> 19783.36158 dZ: 8.460 logZ: 19772.710 logLmax: 19787.26
2026-03-10, 16:36:08 - cpnest.NestedSampling.NestedSampler   : 201: n:  58 NS_acc:0.736 S0_acc:0.198 sub_acc:0.038 H: 6.46 logL 19780.22994 --> 19781.62384 dZ: 8.297 logZ: 19772.830 logLmax: 19787.26
2026-03-10, 16:36:08 - cpnest.NestedSampling.NestedSampler   : 202: n:  26 NS_acc:0.737 S0_acc:0.198 sub_acc:0.231 H: 6.51 logL 19780.71514 --> 19785.88480 dZ: 8.145 logZ: 19772.996 logLmax: 19787.26
2026-03-10, 16:36:08 - cpnest.NestedSampling.NestedSampler   : 203: n:  26 NS_acc:0.738 S0_acc:0.198 sub_acc:0.231 H: 6.54 logL 19780.78961 --> 19786.65780 dZ: 7.949 logZ: 19773.143 logLmax: 19787.26
2026-03-10, 16:36:08 - cpnest.NestedSampling.NestedSampler   : 204: n:  58 NS_acc:0.736 S0_acc:0.197 sub_acc:0.192 H: 6.57 logL 19780.98042 --> 19781.02137 dZ: 7.770 logZ: 19773.292 logLmax: 19787.26
2026-03-10, 16:36:08 - cpnest.NestedSampling.NestedSampler   : 205: n:  26 NS_acc:0.737 S0_acc:0.198 sub_acc:0.192 H: 6.58 logL 19781.02137 --> 19786.08817 dZ: 7.590 logZ: 19773.424 logLmax: 19787.26
2026-03-10, 16:36:08 - cpnest.NestedSampling.NestedSampler   : 206: n:  26 NS_acc:0.738 S0_acc:0.197 sub_acc:0.115 H: 6.59 logL 19781.13107 --> 19782.60079 dZ: 7.427 logZ: 19773.549 logLmax: 19787.26
2026-03-10, 16:36:08 - cpnest.NestedSampling.NestedSampler   : 207: n:  26 NS_acc:0.739 S0_acc:0.197 sub_acc:0.308 H: 6.60 logL 19781.26055 --> 19786.66296 dZ: 7.271 logZ: 19773.671 logLmax: 19787.26
2026-03-10, 16:36:08 - cpnest.NestedSampling.NestedSampler   : 208: n:  26 NS_acc:0.740 S0_acc:0.197 sub_acc:0.154 H: 6.59 logL 19781.29128 --> 19783.68571 dZ: 7.118 logZ: 19773.779 logLmax: 19787.26
2026-03-10, 16:36:08 - cpnest.NestedSampling.NestedSampler   : 209: n:  26 NS_acc:0.741 S0_acc:0.197 sub_acc:0.269 H: 6.59 logL 19781.36179 --> 19783.92863 dZ: 6.978 logZ: 19773.881 logLmax: 19787.26
2026-03-10, 16:36:08 - cpnest.NestedSampling.NestedSampler   : 210: n:  26 NS_acc:0.742 S0_acc:0.197 sub_acc:0.269 H: 6.58 logL 19781.38673 --> 19785.21784 dZ: 6.845 logZ: 19773.973 logLmax: 19787.26
2026-03-10, 16:36:08 - cpnest.NestedSampling.NestedSampler   : 211: n:  26 NS_acc:0.743 S0_acc:0.197 sub_acc:0.231 H: 6.56 logL 19781.44610 --> 19783.07644 dZ: 6.722 logZ: 19774.060 logLmax: 19787.26
2026-03-10, 16:36:08 - cpnest.NestedSampling.NestedSampler   : 212: n:  31 NS_acc:0.744 S0_acc:0.197 sub_acc:0.032 H: 6.56 logL 19781.60196 --> 19782.85579 dZ: 6.604 logZ: 19774.150 logLmax: 19787.26
2026-03-10, 16:36:08 - cpnest.NestedSampling.NestedSampler   : 213: n:  20 NS_acc:0.745 S0_acc:0.197 sub_acc:0.350 H: 6.55 logL 19781.62384 --> 19784.09591 dZ: 6.483 logZ: 19774.232 logLmax: 19787.26
2026-03-10, 16:36:08 - cpnest.NestedSampling.NestedSampler   : 214: n:  20 NS_acc:0.746 S0_acc:0.197 sub_acc:0.200 H: 6.55 logL 19781.83279 --> 19781.95358 dZ: 6.371 logZ: 19774.322 logLmax: 19787.26
2026-03-10, 16:36:08 - cpnest.NestedSampling.NestedSampler   : 215: n:  20 NS_acc:0.747 S0_acc:0.197 sub_acc:0.150 H: 6.54 logL 19781.85509 --> 19783.88546 dZ: 6.250 logZ: 19774.403 logLmax: 19787.26
2026-03-10, 16:36:08 - cpnest.NestedSampling.NestedSampler   : 216: n: 116 NS_acc:0.740 S0_acc:0.195 sub_acc:0.200 H: 6.54 logL 19781.93482 --> 19782.05894 dZ: 6.137 logZ: 19774.483 logLmax: 19787.26
2026-03-10, 16:36:08 - cpnest.NestedSampling.NestedSampler   : 217: n:  84 NS_acc:0.736 S0_acc:0.194 sub_acc:0.200 H: 6.53 logL 19781.94364 --> 19781.94657 dZ: 6.027 logZ: 19774.554 logLmax: 19787.26
2026-03-10, 16:36:08 - cpnest.NestedSampling.NestedSampler   : 218: n:  20 NS_acc:0.736 S0_acc:0.194 sub_acc:0.250 H: 6.52 logL 19781.94657 --> 19786.80365 dZ: 5.924 logZ: 19774.620 logLmax: 19787.26
2026-03-10, 16:36:08 - cpnest.NestedSampling.NestedSampler   : 219: n:  20 NS_acc:0.737 S0_acc:0.194 sub_acc:0.250 H: 6.51 logL 19781.95358 --> 19784.65006 dZ: 5.827 logZ: 19774.680 logLmax: 19787.26
2026-03-10, 16:36:08 - cpnest.NestedSampling.NestedSampler   : 220: n:  84 NS_acc:0.733 S0_acc:0.193 sub_acc:0.250 H: 6.49 logL 19781.96596 --> 19782.06666 dZ: 5.737 logZ: 19774.735 logLmax: 19787.26
2026-03-10, 16:36:08 - cpnest.NestedSampling.NestedSampler   : 221: n:  31 NS_acc:0.734 S0_acc:0.193 sub_acc:0.161 H: 6.48 logL 19782.05894 --> 19783.74454 dZ: 5.650 logZ: 19774.791 logLmax: 19787.26
2026-03-10, 16:36:08 - cpnest.NestedSampling.NestedSampler   : 222: n:  63 NS_acc:0.733 S0_acc:0.193 sub_acc:0.258 H: 6.47 logL 19782.06666 --> 19783.51854 dZ: 5.563 logZ: 19774.843 logLmax: 19787.26
2026-03-10, 16:36:08 - cpnest.NestedSampling.NestedSampler   : 223: n:  31 NS_acc:0.734 S0_acc:0.193 sub_acc:0.290 H: 6.46 logL 19782.15425 --> 19783.53709 dZ: 5.480 logZ: 19774.895 logLmax: 19787.26
2026-03-10, 16:36:08 - cpnest.NestedSampling.NestedSampler   : 224: n:  63 NS_acc:0.732 S0_acc:0.193 sub_acc:0.323 H: 6.45 logL 19782.17708 --> 19784.39040 dZ: 5.397 logZ: 19774.944 logLmax: 19787.26
2026-03-10, 16:36:08 - cpnest.NestedSampling.NestedSampler   : Rolling KS test: D=0.156, p-value=0.376
2026-03-10, 16:36:08 - cpnest.NestedSampling.NestedSampler   : 225: n:  31 NS_acc:0.733 S0_acc:0.193 sub_acc:0.226 H: 6.44 logL 19782.22262 --> 19786.27488 dZ: 5.317 logZ: 19774.992 logLmax: 19787.26
2026-03-10, 16:36:08 - cpnest.NestedSampling.NestedSampler   : 226: n:  31 NS_acc:0.734 S0_acc:0.193 sub_acc:0.387 H: 6.43 logL 19782.24300 --> 19785.77546 dZ: 5.239 logZ: 19775.037 logLmax: 19787.26
2026-03-10, 16:36:08 - cpnest.NestedSampling.NestedSampler   : 227: n:  31 NS_acc:0.735 S0_acc:0.193 sub_acc:0.129 H: 6.44 logL 19782.60079 --> 19782.63198 dZ: 5.163 logZ: 19775.096 logLmax: 19787.26
2026-03-10, 16:36:08 - cpnest.NestedSampling.NestedSampler   : 228: n:  31 NS_acc:0.735 S0_acc:0.193 sub_acc:0.355 H: 6.44 logL 19782.63198 --> 19785.62885 dZ: 5.073 logZ: 19775.152 logLmax: 19787.33
2026-03-10, 16:36:08 - cpnest.NestedSampling.NestedSampler   : 229: n:  31 NS_acc:0.736 S0_acc:0.193 sub_acc:0.129 H: 6.45 logL 19782.71398 --> 19783.52172 dZ: 5.058 logZ: 19775.208 logLmax: 19787.33
2026-03-10, 16:36:08 - cpnest.NestedSampling.NestedSampler   : 230: n:  31 NS_acc:0.737 S0_acc:0.193 sub_acc:0.097 H: 6.46 logL 19782.85579 --> 19784.20591 dZ: 4.971 logZ: 19775.267 logLmax: 19787.33
2026-03-10, 16:36:08 - cpnest.NestedSampling.NestedSampler   : 231: n:  31 NS_acc:0.738 S0_acc:0.193 sub_acc:0.290 H: 6.47 logL 19782.99101 --> 19784.07063 dZ: 4.882 logZ: 19775.328 logLmax: 19787.33
2026-03-10, 16:36:08 - cpnest.NestedSampling.NestedSampler   : 232: n:  31 NS_acc:0.739 S0_acc:0.193 sub_acc:0.258 H: 6.49 logL 19783.07644 --> 19784.95919 dZ: 4.790 logZ: 19775.390 logLmax: 19787.33
2026-03-10, 16:36:08 - cpnest.NestedSampling.NestedSampler   : 233: n:  31 NS_acc:0.740 S0_acc:0.193 sub_acc:0.129 H: 6.52 logL 19783.36158 --> 19783.53399 dZ: 4.698 logZ: 19775.463 logLmax: 19787.33
2026-03-10, 16:36:08 - cpnest.NestedSampling.NestedSampler   : 234: n:  31 NS_acc:0.741 S0_acc:0.193 sub_acc:0.032 H: 6.55 logL 19783.49224 --> 19784.80089 dZ: 4.594 logZ: 19775.539 logLmax: 19787.33
2026-03-10, 16:36:08 - cpnest.NestedSampling.NestedSampler   : 235: n:  32 NS_acc:0.741 S0_acc:0.193 sub_acc:0.281 H: 6.58 logL 19783.49549 --> 19785.23161 dZ: 4.488 logZ: 19775.608 logLmax: 19787.33
2026-03-10, 16:36:08 - cpnest.NestedSampling.NestedSampler   : 236: n:  32 NS_acc:0.742 S0_acc:0.193 sub_acc:0.188 H: 6.60 logL 19783.51854 --> 19784.59604 dZ: 4.390 logZ: 19775.671 logLmax: 19787.33
2026-03-10, 16:36:08 - cpnest.NestedSampling.NestedSampler   : 237: n:  32 NS_acc:0.743 S0_acc:0.194 sub_acc:0.375 H: 6.61 logL 19783.52172 --> 19785.38155 dZ: 4.296 logZ: 19775.730 logLmax: 19787.33
2026-03-10, 16:36:08 - cpnest.NestedSampling.NestedSampler   : 238: n:  32 NS_acc:0.744 S0_acc:0.194 sub_acc:0.312 H: 6.62 logL 19783.53399 --> 19784.00785 dZ: 4.208 logZ: 19775.784 logLmax: 19787.33
2026-03-10, 16:36:08 - cpnest.NestedSampling.NestedSampler   : 239: n:  96 NS_acc:0.740 S0_acc:0.194 sub_acc:0.312 H: 6.62 logL 19783.53709 --> 19785.14056 dZ: 4.124 logZ: 19775.834 logLmax: 19787.33
2026-03-10, 16:36:08 - cpnest.NestedSampling.NestedSampler   : 240: n:  32 NS_acc:0.741 S0_acc:0.193 sub_acc:0.219 H: 6.63 logL 19783.68571 --> 19786.33436 dZ: 4.044 logZ: 19775.887 logLmax: 19787.33
2026-03-10, 16:36:08 - cpnest.NestedSampling.NestedSampler   : 241: n:  32 NS_acc:0.742 S0_acc:0.193 sub_acc:0.188 H: 6.64 logL 19783.74454 --> 19785.93705 dZ: 3.961 logZ: 19775.939 logLmax: 19787.33
2026-03-10, 16:36:08 - cpnest.NestedSampling.NestedSampler   : 242: n:  32 NS_acc:0.742 S0_acc:0.193 sub_acc:0.062 H: 6.65 logL 19783.76683 --> 19784.92934 dZ: 3.879 logZ: 19775.989 logLmax: 19787.33
2026-03-10, 16:36:08 - cpnest.NestedSampling.NestedSampler   : 243: n:  32 NS_acc:0.743 S0_acc:0.193 sub_acc:0.156 H: 6.66 logL 19783.82335 --> 19784.47374 dZ: 3.800 logZ: 19776.037 logLmax: 19787.33
2026-03-10, 16:36:08 - cpnest.NestedSampling.NestedSampler   : 244: n:  32 NS_acc:0.744 S0_acc:0.193 sub_acc:0.312 H: 6.67 logL 19783.88546 --> 19785.38028 dZ: 3.723 logZ: 19776.084 logLmax: 19787.33
2026-03-10, 16:36:08 - cpnest.NestedSampling.NestedSampler   : 245: n:  32 NS_acc:0.745 S0_acc:0.193 sub_acc:0.406 H: 6.67 logL 19783.92863 --> 19783.99263 dZ: 3.646 logZ: 19776.130 logLmax: 19787.33
2026-03-10, 16:36:08 - cpnest.NestedSampling.NestedSampler   : 246: n:  32 NS_acc:0.745 S0_acc:0.194 sub_acc:0.469 H: 6.68 logL 19783.99263 --> 19784.61958 dZ: 3.571 logZ: 19776.175 logLmax: 19787.33
2026-03-10, 16:36:08 - cpnest.NestedSampling.NestedSampler   : 247: n:  32 NS_acc:0.746 S0_acc:0.194 sub_acc:0.156 H: 6.69 logL 19784.00785 --> 19785.01553 dZ: 3.497 logZ: 19776.218 logLmax: 19787.33
2026-03-10, 16:36:08 - cpnest.NestedSampling.NestedSampler   : 248: n:  32 NS_acc:0.747 S0_acc:0.194 sub_acc:0.312 H: 6.69 logL 19784.07063 --> 19784.76929 dZ: 3.425 logZ: 19776.260 logLmax: 19787.33
2026-03-10, 16:36:08 - cpnest.NestedSampling.NestedSampler   : 249: n:  27 NS_acc:0.748 S0_acc:0.194 sub_acc:0.148 H: 6.70 logL 19784.09591 --> 19785.22496 dZ: 3.354 logZ: 19776.300 logLmax: 19787.33
2026-03-10, 16:36:08 - cpnest.NestedSampling.NestedSampler   : 250: n:  59 NS_acc:0.746 S0_acc:0.193 sub_acc:0.259 H: 6.70 logL 19784.18554 --> 19784.18554 dZ: 3.285 logZ: 19776.341 logLmax: 19787.33
2026-03-10, 16:36:08 - cpnest.NestedSampling.NestedSampler   : 251: n:  27 NS_acc:0.747 S0_acc:0.193 sub_acc:0.259 H: 6.71 logL 19784.20591 --> 19784.93350 dZ: 3.216 logZ: 19776.380 logLmax: 19787.33
2026-03-10, 16:36:08 - cpnest.NestedSampling.NestedSampler   : 252: n:  59 NS_acc:0.746 S0_acc:0.193 sub_acc:0.370 H: 6.72 logL 19784.27818 --> 19786.66062 dZ: 3.148 logZ: 19776.420 logLmax: 19787.33
2026-03-10, 16:36:08 - cpnest.NestedSampling.NestedSampler   : 253: n:  27 NS_acc:0.746 S0_acc:0.193 sub_acc:0.333 H: 6.73 logL 19784.39040 --> 19787.30674 dZ: 3.081 logZ: 19776.460 logLmax: 19787.33
2026-03-10, 16:36:08 - cpnest.NestedSampling.NestedSampler   : 254: n:  27 NS_acc:0.747 S0_acc:0.193 sub_acc:0.259 H: 6.74 logL 19784.47374 --> 19786.11148 dZ: 3.012 logZ: 19776.502 logLmax: 19787.33
2026-03-10, 16:36:08 - cpnest.NestedSampling.NestedSampler   : 255: n:  27 NS_acc:0.748 S0_acc:0.193 sub_acc:0.185 H: 6.75 logL 19784.59604 --> 19784.89096 dZ: 2.943 logZ: 19776.545 logLmax: 19787.33
2026-03-10, 16:36:08 - cpnest.NestedSampling.NestedSampler   : 256: n:  59 NS_acc:0.746 S0_acc:0.193 sub_acc:0.259 H: 6.76 logL 19784.61958 --> 19784.84041 dZ: 2.873 logZ: 19776.587 logLmax: 19787.33
2026-03-10, 16:36:08 - cpnest.NestedSampling.NestedSampler   : Rolling KS test: D=0.125, p-value=0.654
2026-03-10, 16:36:08 - cpnest.NestedSampling.NestedSampler   : 257: n:  59 NS_acc:0.745 S0_acc:0.193 sub_acc:0.481 H: 6.77 logL 19784.65006 --> 19786.06835 dZ: 2.804 logZ: 19776.626 logLmax: 19787.33
2026-03-10, 16:36:08 - cpnest.NestedSampling.NestedSampler   : 258: n:  59 NS_acc:0.744 S0_acc:0.192 sub_acc:0.296 H: 6.79 logL 19784.76929 --> 19785.71175 dZ: 2.738 logZ: 19776.668 logLmax: 19787.33
2026-03-10, 16:36:08 - cpnest.NestedSampling.NestedSampler   : 259: n:  27 NS_acc:0.744 S0_acc:0.192 sub_acc:0.333 H: 6.80 logL 19784.80089 --> 19786.43285 dZ: 2.670 logZ: 19776.708 logLmax: 19787.33
2026-03-10, 16:36:08 - cpnest.NestedSampling.NestedSampler   : 260: n:  64 NS_acc:0.743 S0_acc:0.192 sub_acc:0.188 H: 6.81 logL 19784.83355 --> 19786.19570 dZ: 2.603 logZ: 19776.747 logLmax: 19787.33
2026-03-10, 16:36:08 - cpnest.NestedSampling.NestedSampler   : 261: n:  32 NS_acc:0.744 S0_acc:0.192 sub_acc:0.344 H: 6.82 logL 19784.84041 --> 19786.95477 dZ: 2.539 logZ: 19776.783 logLmax: 19787.33
2026-03-10, 16:36:08 - cpnest.NestedSampling.NestedSampler   : 262: n:  32 NS_acc:0.744 S0_acc:0.192 sub_acc:0.250 H: 6.83 logL 19784.88843 --> 19784.88843 dZ: 2.477 logZ: 19776.819 logLmax: 19787.33
2026-03-10, 16:36:08 - cpnest.NestedSampling.NestedSampler   : 263: n:  32 NS_acc:0.745 S0_acc:0.192 sub_acc:0.312 H: 6.84 logL 19784.89096 --> 19785.32285 dZ: 2.416 logZ: 19776.852 logLmax: 19787.34
2026-03-10, 16:36:08 - cpnest.NestedSampling.NestedSampler   : 264: n:  32 NS_acc:0.746 S0_acc:0.192 sub_acc:0.344 H: 6.85 logL 19784.92252 --> 19784.92252 dZ: 2.371 logZ: 19776.885 logLmax: 19787.34
2026-03-10, 16:36:08 - cpnest.NestedSampling.NestedSampler   : 265: n:  32 NS_acc:0.746 S0_acc:0.192 sub_acc:0.062 H: 6.85 logL 19784.92934 --> 19786.27304 dZ: 2.313 logZ: 19776.915 logLmax: 19787.34
2026-03-10, 16:36:08 - cpnest.NestedSampling.NestedSampler   : 266: n:  32 NS_acc:0.747 S0_acc:0.192 sub_acc:0.031 H: 6.86 logL 19784.93350 --> 19785.12360 dZ: 2.258 logZ: 19776.944 logLmax: 19787.34
2026-03-10, 16:36:08 - cpnest.NestedSampling.NestedSampler   : 267: n:  32 NS_acc:0.748 S0_acc:0.191 sub_acc:0.125 H: 6.86 logL 19784.95919 --> 19785.75314 dZ: 2.204 logZ: 19776.973 logLmax: 19787.34
2026-03-10, 16:36:08 - cpnest.NestedSampling.NestedSampler   : 268: n:  32 NS_acc:0.749 S0_acc:0.192 sub_acc:0.375 H: 6.86 logL 19785.01553 --> 19786.70422 dZ: 2.151 logZ: 19777.001 logLmax: 19787.34
2026-03-10, 16:36:08 - cpnest.NestedSampling.NestedSampler   : 269: n:  32 NS_acc:0.749 S0_acc:0.192 sub_acc:0.156 H: 6.87 logL 19785.12360 --> 19785.18156 dZ: 2.099 logZ: 19777.030 logLmax: 19787.34
2026-03-10, 16:36:08 - cpnest.NestedSampling.NestedSampler   : 270: n:  32 NS_acc:0.750 S0_acc:0.191 sub_acc:0.281 H: 6.88 logL 19785.14056 --> 19785.50784 dZ: 2.046 logZ: 19777.058 logLmax: 19787.34
2026-03-10, 16:36:08 - cpnest.NestedSampling.NestedSampler   : 271: n:  32 NS_acc:0.751 S0_acc:0.191 sub_acc:0.250 H: 6.88 logL 19785.18156 --> 19786.48701 dZ: 1.994 logZ: 19777.086 logLmax: 19787.34
2026-03-10, 16:36:08 - cpnest.NestedSampling.NestedSampler   : 272: n:  32 NS_acc:0.751 S0_acc:0.191 sub_acc:0.281 H: 6.89 logL 19785.21784 --> 19785.72754 dZ: 1.944 logZ: 19777.113 logLmax: 19787.34
2026-03-10, 16:36:08 - cpnest.NestedSampling.NestedSampler   : 273: n:  32 NS_acc:0.752 S0_acc:0.191 sub_acc:0.250 H: 6.90 logL 19785.22496 --> 19786.30050 dZ: 1.894 logZ: 19777.139 logLmax: 19787.34
2026-03-10, 16:36:08 - cpnest.NestedSampling.NestedSampler   : 274: n:  32 NS_acc:0.753 S0_acc:0.191 sub_acc:0.375 H: 6.90 logL 19785.23161 --> 19787.11802 dZ: 1.845 logZ: 19777.164 logLmax: 19787.34
2026-03-10, 16:36:08 - cpnest.NestedSampling.NestedSampler   : 275: n:  32 NS_acc:0.753 S0_acc:0.191 sub_acc:0.188 H: 6.91 logL 19785.32285 --> 19785.87330 dZ: 1.799 logZ: 19777.189 logLmax: 19787.34
2026-03-10, 16:36:08 - cpnest.NestedSampling.NestedSampler   : 276: n:  32 NS_acc:0.754 S0_acc:0.191 sub_acc:0.219 H: 6.91 logL 19785.38028 --> 19785.41055 dZ: 1.751 logZ: 19777.215 logLmax: 19787.34
2026-03-10, 16:36:08 - cpnest.NestedSampling.NestedSampler   : 277: n:  96 NS_acc:0.751 S0_acc:0.191 sub_acc:0.250 H: 6.92 logL 19785.38155 --> 19785.51498 dZ: 1.705 logZ: 19777.239 logLmax: 19787.34
2026-03-10, 16:36:09 - cpnest.NestedSampling.NestedSampler   : 278: n:  32 NS_acc:0.751 S0_acc:0.191 sub_acc:0.094 H: 6.92 logL 19785.41055 --> 19786.37379 dZ: 1.660 logZ: 19777.263 logLmax: 19787.34
2026-03-10, 16:36:09 - cpnest.NestedSampling.NestedSampler   : 279: n:  64 NS_acc:0.750 S0_acc:0.190 sub_acc:0.344 H: 6.93 logL 19785.42209 --> 19785.57717 dZ: 1.615 logZ: 19777.285 logLmax: 19787.34
2026-03-10, 16:36:09 - cpnest.NestedSampling.NestedSampler   : 280: n:  32 NS_acc:0.751 S0_acc:0.190 sub_acc:0.406 H: 6.94 logL 19785.50784 --> 19785.65840 dZ: 1.572 logZ: 19777.309 logLmax: 19787.34
2026-03-10, 16:36:09 - cpnest.NestedSampling.NestedSampler   : 281: n:  32 NS_acc:0.751 S0_acc:0.190 sub_acc:0.031 H: 6.94 logL 19785.51498 --> 19786.09872 dZ: 1.529 logZ: 19777.331 logLmax: 19787.34
2026-03-10, 16:36:09 - cpnest.NestedSampling.NestedSampler   : 282: n:  32 NS_acc:0.752 S0_acc:0.190 sub_acc:0.281 H: 6.95 logL 19785.53826 --> 19785.53826 dZ: 1.488 logZ: 19777.353 logLmax: 19787.34
2026-03-10, 16:36:09 - cpnest.NestedSampling.NestedSampler   : 283: n:  32 NS_acc:0.753 S0_acc:0.190 sub_acc:0.312 H: 6.95 logL 19785.57717 --> 19786.74961 dZ: 1.447 logZ: 19777.374 logLmax: 19787.34
2026-03-10, 16:36:09 - cpnest.NestedSampling.NestedSampler   : 284: n:  32 NS_acc:0.753 S0_acc:0.190 sub_acc:0.094 H: 6.96 logL 19785.58078 --> 19786.20679 dZ: 1.407 logZ: 19777.395 logLmax: 19787.34
2026-03-10, 16:36:09 - cpnest.NestedSampling.NestedSampler   : 285: n:  32 NS_acc:0.754 S0_acc:0.190 sub_acc:0.219 H: 6.96 logL 19785.62885 --> 19785.80640 dZ: 1.368 logZ: 19777.415 logLmax: 19787.34
2026-03-10, 16:36:09 - cpnest.NestedSampling.NestedSampler   : 286: n:  32 NS_acc:0.755 S0_acc:0.190 sub_acc:0.125 H: 6.97 logL 19785.65840 --> 19785.80094 dZ: 1.330 logZ: 19777.435 logLmax: 19787.34
2026-03-10, 16:36:09 - cpnest.NestedSampling.NestedSampler   : 287: n:  32 NS_acc:0.755 S0_acc:0.189 sub_acc:0.031 H: 6.97 logL 19785.71175 --> 19786.03370 dZ: 1.292 logZ: 19777.455 logLmax: 19787.34
2026-03-10, 16:36:09 - cpnest.NestedSampling.NestedSampler   : 288: n:  32 NS_acc:0.756 S0_acc:0.189 sub_acc:0.156 H: 6.98 logL 19785.71526 --> 19786.76794 dZ: 1.256 logZ: 19777.474 logLmax: 19787.34
2026-03-10, 16:36:09 - cpnest.NestedSampling.NestedSampler   : Rolling KS test: D=0.156, p-value=0.376
2026-03-10, 16:36:09 - cpnest.NestedSampling.NestedSampler   : 289: n:  64 NS_acc:0.755 S0_acc:0.189 sub_acc:0.250 H: 6.98 logL 19785.72754 --> 19786.81730 dZ: 1.220 logZ: 19777.492 logLmax: 19787.38
2026-03-10, 16:36:09 - cpnest.NestedSampling.NestedSampler   : 290: n:  32 NS_acc:0.755 S0_acc:0.190 sub_acc:0.250 H: 6.99 logL 19785.75314 --> 19785.99126 dZ: 1.212 logZ: 19777.510 logLmax: 19787.38
2026-03-10, 16:36:09 - cpnest.NestedSampling.NestedSampler   : 291: n: 128 NS_acc:0.750 S0_acc:0.188 sub_acc:0.031 H: 6.99 logL 19785.77546 --> 19786.50714 dZ: 1.178 logZ: 19777.528 logLmax: 19787.38
2026-03-10, 16:36:09 - cpnest.NestedSampling.NestedSampler   : 292: n:  32 NS_acc:0.751 S0_acc:0.188 sub_acc:0.062 H: 7.00 logL 19785.80094 --> 19785.88205 dZ: 1.144 logZ: 19777.545 logLmax: 19787.38
2026-03-10, 16:36:09 - cpnest.NestedSampling.NestedSampler   : 293: n:  64 NS_acc:0.749 S0_acc:0.188 sub_acc:0.250 H: 7.00 logL 19785.80640 --> 19786.93238 dZ: 1.112 logZ: 19777.562 logLmax: 19787.38
2026-03-10, 16:36:09 - cpnest.NestedSampling.NestedSampler   : 294: n:  32 NS_acc:0.750 S0_acc:0.188 sub_acc:0.250 H: 7.01 logL 19785.87330 --> 19785.93838 dZ: 1.080 logZ: 19777.578 logLmax: 19787.38
2026-03-10, 16:36:09 - cpnest.NestedSampling.NestedSampler   : 295: n:  32 NS_acc:0.751 S0_acc:0.188 sub_acc:0.156 H: 7.01 logL 19785.88205 --> 19786.38818 dZ: 1.048 logZ: 19777.595 logLmax: 19787.38
2026-03-10, 16:36:09 - cpnest.NestedSampling.NestedSampler   : 296: n:  32 NS_acc:0.751 S0_acc:0.188 sub_acc:0.156 H: 7.02 logL 19785.88480 --> 19786.36216 dZ: 1.018 logZ: 19777.610 logLmax: 19787.38
2026-03-10, 16:36:09 - cpnest.NestedSampling.NestedSampler   : 297: n:  86 NS_acc:0.748 S0_acc:0.188 sub_acc:0.227 H: 7.02 logL 19785.93705 --> 19786.32688 dZ: 0.988 logZ: 19777.626 logLmax: 19787.38
2026-03-10, 16:36:09 - cpnest.NestedSampling.NestedSampler   : 298: n:  22 NS_acc:0.749 S0_acc:0.187 sub_acc:0.045 H: 7.02 logL 19785.93838 --> 19786.28611 dZ: 0.959 logZ: 19777.640 logLmax: 19787.38
2026-03-10, 16:36:09 - cpnest.NestedSampling.NestedSampler   : 299: n:  54 NS_acc:0.748 S0_acc:0.187 sub_acc:0.409 H: 7.03 logL 19785.99126 --> 19786.20615 dZ: 0.931 logZ: 19777.656 logLmax: 19787.38
2026-03-10, 16:36:09 - cpnest.NestedSampling.NestedSampler   : 300: n:  86 NS_acc:0.744 S0_acc:0.186 sub_acc:0.136 H: 7.03 logL 19786.03370 --> 19786.55634 dZ: 0.903 logZ: 19777.670 logLmax: 19787.38
2026-03-10, 16:36:09 - cpnest.NestedSampling.NestedSampler   : 301: n:  86 NS_acc:0.741 S0_acc:0.185 sub_acc:0.045 H: 7.04 logL 19786.05012 --> 19786.05012 dZ: 0.876 logZ: 19777.685 logLmax: 19787.38
2026-03-10, 16:36:09 - cpnest.NestedSampling.NestedSampler   : 302: n:  54 NS_acc:0.740 S0_acc:0.185 sub_acc:0.227 H: 7.04 logL 19786.06835 --> 19786.68761 dZ: 0.849 logZ: 19777.699 logLmax: 19787.38
2026-03-10, 16:36:09 - cpnest.NestedSampling.NestedSampler   : 303: n:  22 NS_acc:0.741 S0_acc:0.185 sub_acc:0.364 H: 7.05 logL 19786.08817 --> 19786.82336 dZ: 0.824 logZ: 19777.713 logLmax: 19787.38
2026-03-10, 16:36:09 - cpnest.NestedSampling.NestedSampler   : 304: n:  22 NS_acc:0.741 S0_acc:0.185 sub_acc:0.045 H: 7.05 logL 19786.09872 --> 19786.80688 dZ: 0.799 logZ: 19777.726 logLmax: 19787.38
2026-03-10, 16:36:09 - cpnest.NestedSampling.NestedSampler   : 305: n:  95 NS_acc:0.738 S0_acc:0.184 sub_acc:0.097 H: 7.06 logL 19786.11148 --> 19786.20176 dZ: 0.774 logZ: 19777.739 logLmax: 19787.38
2026-03-10, 16:36:09 - cpnest.NestedSampling.NestedSampler   : 306: n:  31 NS_acc:0.739 S0_acc:0.185 sub_acc:0.484 H: 7.06 logL 19786.19570 --> 19786.42527 dZ: 0.751 logZ: 19777.753 logLmax: 19787.38
2026-03-10, 16:36:09 - cpnest.NestedSampling.NestedSampler   : 307: n:  31 NS_acc:0.740 S0_acc:0.185 sub_acc:0.290 H: 7.07 logL 19786.20176 --> 19786.40636 dZ: 0.727 logZ: 19777.766 logLmax: 19787.38
2026-03-10, 16:36:09 - cpnest.NestedSampling.NestedSampler   : 308: n:  31 NS_acc:0.740 S0_acc:0.185 sub_acc:0.258 H: 7.07 logL 19786.20615 --> 19787.23646 dZ: 0.705 logZ: 19777.778 logLmax: 19787.38
2026-03-10, 16:36:09 - cpnest.NestedSampling.NestedSampler   : 309: n:  31 NS_acc:0.741 S0_acc:0.185 sub_acc:0.387 H: 7.08 logL 19786.20679 --> 19786.25526 dZ: 0.683 logZ: 19777.790 logLmax: 19787.38
2026-03-10, 16:36:09 - cpnest.NestedSampling.NestedSampler   : 310: n:  31 NS_acc:0.742 S0_acc:0.185 sub_acc:0.194 H: 7.08 logL 19786.25526 --> 19786.41358 dZ: 0.662 logZ: 19777.802 logLmax: 19787.38
2026-03-10, 16:36:09 - cpnest.NestedSampling.NestedSampler   : 311: n:  31 NS_acc:0.742 S0_acc:0.185 sub_acc:0.194 H: 7.09 logL 19786.27304 --> 19786.37751 dZ: 0.641 logZ: 19777.814 logLmax: 19787.38
2026-03-10, 16:36:09 - cpnest.NestedSampling.NestedSampler   : 312: n:  31 NS_acc:0.743 S0_acc:0.185 sub_acc:0.226 H: 7.09 logL 19786.27488 --> 19786.70735 dZ: 0.621 logZ: 19777.826 logLmax: 19787.38
2026-03-10, 16:36:09 - cpnest.NestedSampling.NestedSampler   : 313: n:  31 NS_acc:0.743 S0_acc:0.185 sub_acc:0.097 H: 7.09 logL 19786.28611 --> 19786.90611 dZ: 0.601 logZ: 19777.837 logLmax: 19787.38
2026-03-10, 16:36:09 - cpnest.NestedSampling.NestedSampler   : 314: n:  63 NS_acc:0.742 S0_acc:0.184 sub_acc:0.226 H: 7.10 logL 19786.30050 --> 19787.38662 dZ: 0.582 logZ: 19777.847 logLmax: 19787.39
2026-03-10, 16:36:09 - cpnest.NestedSampling.NestedSampler   : 315: n:  31 NS_acc:0.743 S0_acc:0.184 sub_acc:0.161 H: 7.10 logL 19786.32688 --> 19786.38858 dZ: 0.566 logZ: 19777.858 logLmax: 19787.39
2026-03-10, 16:36:09 - cpnest.NestedSampling.NestedSampler   : 316: n:  63 NS_acc:0.742 S0_acc:0.184 sub_acc:0.355 H: 7.11 logL 19786.33436 --> 19786.37330 dZ: 0.548 logZ: 19777.868 logLmax: 19787.39
2026-03-10, 16:36:09 - cpnest.NestedSampling.NestedSampler   : 317: n:  31 NS_acc:0.742 S0_acc:0.185 sub_acc:0.355 H: 7.11 logL 19786.36216 --> 19786.74446 dZ: 0.531 logZ: 19777.878 logLmax: 19787.39
2026-03-10, 16:36:09 - cpnest.NestedSampling.NestedSampler   : 318: n:  31 NS_acc:0.743 S0_acc:0.185 sub_acc:0.097 H: 7.11 logL 19786.37330 --> 19786.45576 dZ: 0.514 logZ: 19777.888 logLmax: 19787.39
2026-03-10, 16:36:09 - cpnest.NestedSampling.NestedSampler   : 319: n:  28 NS_acc:0.744 S0_acc:0.185 sub_acc:0.250 H: 7.12 logL 19786.37379 --> 19787.07235 dZ: 0.498 logZ: 19777.897 logLmax: 19787.39
2026-03-10, 16:36:09 - cpnest.NestedSampling.NestedSampler   : 320: n:  60 NS_acc:0.742 S0_acc:0.184 sub_acc:0.107 H: 7.12 logL 19786.37751 --> 19786.40605 dZ: 0.482 logZ: 19777.906 logLmax: 19787.39
2026-03-10, 16:36:09 - cpnest.NestedSampling.NestedSampler   : Rolling KS test: D=0.156, p-value=0.376
2026-03-10, 16:36:09 - cpnest.NestedSampling.NestedSampler   : 321: n:  28 NS_acc:0.743 S0_acc:0.184 sub_acc:0.357 H: 7.12 logL 19786.38818 --> 19786.69250 dZ: 0.467 logZ: 19777.915 logLmax: 19787.39
2026-03-10, 16:36:09 - cpnest.NestedSampling.NestedSampler   : 322: n:  28 NS_acc:0.744 S0_acc:0.184 sub_acc:0.107 H: 7.13 logL 19786.38858 --> 19786.43362 dZ: 0.452 logZ: 19777.924 logLmax: 19787.39
2026-03-10, 16:36:09 - cpnest.NestedSampling.NestedSampler   : 323: n:  28 NS_acc:0.744 S0_acc:0.184 sub_acc:0.321 H: 7.13 logL 19786.40605 --> 19786.95409 dZ: 0.438 logZ: 19777.932 logLmax: 19787.39
2026-03-10, 16:36:09 - cpnest.NestedSampling.NestedSampler   : 324: n:  28 NS_acc:0.745 S0_acc:0.184 sub_acc:0.107 H: 7.13 logL 19786.40636 --> 19786.90896 dZ: 0.424 logZ: 19777.940 logLmax: 19787.39
2026-03-10, 16:36:09 - cpnest.NestedSampling.NestedSampler   : 325: n:  28 NS_acc:0.745 S0_acc:0.184 sub_acc:0.321 H: 7.13 logL 19786.41358 --> 19787.15897 dZ: 0.410 logZ: 19777.948 logLmax: 19787.39
2026-03-10, 16:36:09 - cpnest.NestedSampling.NestedSampler   : 326: n:  28 NS_acc:0.746 S0_acc:0.185 sub_acc:0.250 H: 7.14 logL 19786.42527 --> 19786.70605 dZ: 0.397 logZ: 19777.955 logLmax: 19787.39
2026-03-10, 16:36:09 - cpnest.NestedSampling.NestedSampler   : 327: n:  28 NS_acc:0.747 S0_acc:0.185 sub_acc:0.107 H: 7.14 logL 19786.43285 --> 19786.49179 dZ: 0.385 logZ: 19777.963 logLmax: 19787.39
2026-03-10, 16:36:09 - cpnest.NestedSampling.NestedSampler   : 328: n:  92 NS_acc:0.744 S0_acc:0.184 sub_acc:0.107 H: 7.14 logL 19786.43362 --> 19786.74398 dZ: 0.373 logZ: 19777.970 logLmax: 19787.39
2026-03-10, 16:36:09 - cpnest.NestedSampling.NestedSampler   : 329: n:  28 NS_acc:0.744 S0_acc:0.184 sub_acc:0.321 H: 7.14 logL 19786.45576 --> 19786.55160 dZ: 0.361 logZ: 19777.977 logLmax: 19787.39
2026-03-10, 16:36:09 - cpnest.NestedSampling.NestedSampler   : 330: n:  28 NS_acc:0.745 S0_acc:0.184 sub_acc:0.286 H: 7.15 logL 19786.48701 --> 19786.79090 dZ: 0.350 logZ: 19777.983 logLmax: 19787.39
2026-03-10, 16:36:09 - cpnest.NestedSampling.NestedSampler   : 331: n:  64 NS_acc:0.744 S0_acc:0.184 sub_acc:0.219 H: 7.15 logL 19786.49179 --> 19786.91874 dZ: 0.338 logZ: 19777.990 logLmax: 19787.39
2026-03-10, 16:36:09 - cpnest.NestedSampling.NestedSampler   : 332: n: 160 NS_acc:0.738 S0_acc:0.183 sub_acc:0.281 H: 7.15 logL 19786.50714 --> 19786.77262 dZ: 0.328 logZ: 19777.997 logLmax: 19787.39
2026-03-10, 16:36:09 - cpnest.NestedSampling.NestedSampler   : 333: n:  32 NS_acc:0.738 S0_acc:0.183 sub_acc:0.156 H: 7.15 logL 19786.53195 --> 19786.53195 dZ: 0.317 logZ: 19778.003 logLmax: 19787.39
2026-03-10, 16:36:09 - cpnest.NestedSampling.NestedSampler   : 334: n:  32 NS_acc:0.739 S0_acc:0.183 sub_acc:0.438 H: 7.16 logL 19786.55160 --> 19786.93921 dZ: 0.307 logZ: 19778.010 logLmax: 19787.39
2026-03-10, 16:36:09 - cpnest.NestedSampling.NestedSampler   : 335: n:  64 NS_acc:0.738 S0_acc:0.183 sub_acc:0.219 H: 7.16 logL 19786.55634 --> 19786.73974 dZ: 0.297 logZ: 19778.016 logLmax: 19787.39
2026-03-10, 16:36:09 - cpnest.NestedSampling.NestedSampler   : 336: n:  32 NS_acc:0.738 S0_acc:0.183 sub_acc:0.188 H: 7.16 logL 19786.62226 --> 19786.62226 dZ: 0.288 logZ: 19778.022 logLmax: 19787.39
2026-03-10, 16:36:09 - cpnest.NestedSampling.NestedSampler   : 337: n:  32 NS_acc:0.739 S0_acc:0.183 sub_acc:0.250 H: 7.16 logL 19786.65780 --> 19786.81745 dZ: 0.279 logZ: 19778.028 logLmax: 19787.39
2026-03-10, 16:36:09 - cpnest.NestedSampling.NestedSampler   : 338: n:  32 NS_acc:0.740 S0_acc:0.183 sub_acc:0.312 H: 7.17 logL 19786.66062 --> 19786.69107 dZ: 0.270 logZ: 19778.035 logLmax: 19787.39
2026-03-10, 16:36:09 - cpnest.NestedSampling.NestedSampler   : 339: n:  64 NS_acc:0.739 S0_acc:0.183 sub_acc:0.062 H: 7.17 logL 19786.66296 --> 19786.86095 dZ: 0.261 logZ: 19778.040 logLmax: 19787.39
2026-03-10, 16:36:09 - cpnest.NestedSampling.NestedSampler   : 340: n:  64 NS_acc:0.738 S0_acc:0.182 sub_acc:0.406 H: 7.17 logL 19786.68761 --> 19787.04389 dZ: 0.252 logZ: 19778.046 logLmax: 19787.39
2026-03-10, 16:36:09 - cpnest.NestedSampling.NestedSampler   : 341: n:  64 NS_acc:0.737 S0_acc:0.182 sub_acc:0.062 H: 7.17 logL 19786.69107 --> 19786.77981 dZ: 0.244 logZ: 19778.052 logLmax: 19787.39
2026-03-10, 16:36:09 - cpnest.NestedSampling.NestedSampler   : 342: n:  96 NS_acc:0.734 S0_acc:0.181 sub_acc:0.406 H: 7.18 logL 19786.69250 --> 19786.94360 dZ: 0.236 logZ: 19778.057 logLmax: 19787.39
2026-03-10, 16:36:09 - cpnest.NestedSampling.NestedSampler   : 343: n:  32 NS_acc:0.734 S0_acc:0.182 sub_acc:0.312 H: 7.18 logL 19786.70422 --> 19786.78099 dZ: 0.229 logZ: 19778.063 logLmax: 19787.39
2026-03-10, 16:36:09 - cpnest.NestedSampling.NestedSampler   : 344: n:  32 NS_acc:0.735 S0_acc:0.182 sub_acc:0.125 H: 7.18 logL 19786.70605 --> 19786.74816 dZ: 0.221 logZ: 19778.068 logLmax: 19787.39
2026-03-10, 16:36:09 - cpnest.NestedSampling.NestedSampler   : 345: n:  32 NS_acc:0.736 S0_acc:0.182 sub_acc:0.281 H: 7.18 logL 19786.70735 --> 19787.24195 dZ: 0.214 logZ: 19778.073 logLmax: 19787.39
2026-03-10, 16:36:09 - cpnest.NestedSampling.NestedSampler   : 346: n:  32 NS_acc:0.736 S0_acc:0.182 sub_acc:0.156 H: 7.19 logL 19786.73974 --> 19787.23157 dZ: 0.207 logZ: 19778.078 logLmax: 19787.39
2026-03-10, 16:36:09 - cpnest.NestedSampling.NestedSampler   : 347: n:  32 NS_acc:0.737 S0_acc:0.182 sub_acc:0.375 H: 7.19 logL 19786.74398 --> 19787.07529 dZ: 0.201 logZ: 19778.083 logLmax: 19787.39
2026-03-10, 16:36:09 - cpnest.NestedSampling.NestedSampler   : 348: n:  64 NS_acc:0.736 S0_acc:0.182 sub_acc:0.094 H: 7.19 logL 19786.74446 --> 19786.96746 dZ: 0.194 logZ: 19778.087 logLmax: 19787.39
2026-03-10, 16:36:09 - cpnest.NestedSampling.NestedSampler   : 349: n:  64 NS_acc:0.735 S0_acc:0.181 sub_acc:0.188 H: 7.19 logL 19786.74816 --> 19787.02246 dZ: 0.188 logZ: 19778.092 logLmax: 19787.39
2026-03-10, 16:36:09 - cpnest.NestedSampling.NestedSampler   : 350: n:  32 NS_acc:0.735 S0_acc:0.182 sub_acc:0.250 H: 7.20 logL 19786.74961 --> 19786.77861 dZ: 0.182 logZ: 19778.096 logLmax: 19787.39
2026-03-10, 16:36:09 - cpnest.NestedSampling.NestedSampler   : 351: n:  20 NS_acc:0.736 S0_acc:0.181 sub_acc:0.300 H: 7.20 logL 19786.76794 --> 19786.88582 dZ: 0.176 logZ: 19778.101 logLmax: 19787.39
2026-03-10, 16:36:09 - cpnest.NestedSampling.NestedSampler   : 352: n:  20 NS_acc:0.736 S0_acc:0.181 sub_acc:0.300 H: 7.20 logL 19786.77262 --> 19787.00250 dZ: 0.170 logZ: 19778.105 logLmax: 19787.39
2026-03-10, 16:36:09 - cpnest.NestedSampling.NestedSampler   : Rolling KS test: D=0.125, p-value=0.654
2026-03-10, 16:36:09 - cpnest.NestedSampling.NestedSampler   : 353: n:  20 NS_acc:0.737 S0_acc:0.181 sub_acc:0.300 H: 7.20 logL 19786.77861 --> 19787.22452 dZ: 0.165 logZ: 19778.109 logLmax: 19787.39
2026-03-10, 16:36:09 - cpnest.NestedSampling.NestedSampler   : 354: n:  20 NS_acc:0.738 S0_acc:0.181 sub_acc:0.300 H: 7.20 logL 19786.77981 --> 19786.80092 dZ: 0.160 logZ: 19778.113 logLmax: 19787.39
2026-03-10, 16:36:09 - cpnest.NestedSampling.NestedSampler   : 355: n:  20 NS_acc:0.738 S0_acc:0.181 sub_acc:0.200 H: 7.21 logL 19786.78099 --> 19786.81550 dZ: 0.155 logZ: 19778.117 logLmax: 19787.39
2026-03-10, 16:36:09 - cpnest.NestedSampling.NestedSampler   : 356: n:  20 NS_acc:0.739 S0_acc:0.181 sub_acc:0.200 H: 7.21 logL 19786.79090 --> 19787.17312 dZ: 0.150 logZ: 19778.120 logLmax: 19787.39
2026-03-10, 16:36:09 - cpnest.NestedSampling.NestedSampler   : 357: n:  20 NS_acc:0.739 S0_acc:0.182 sub_acc:0.300 H: 7.21 logL 19786.80092 --> 19786.91210 dZ: 0.145 logZ: 19778.124 logLmax: 19787.39
2026-03-10, 16:36:09 - cpnest.NestedSampling.NestedSampler   : 358: n:  20 NS_acc:0.740 S0_acc:0.181 sub_acc:0.250 H: 7.21 logL 19786.80365 --> 19786.98786 dZ: 0.140 logZ: 19778.127 logLmax: 19787.39
2026-03-10, 16:36:09 - cpnest.NestedSampling.NestedSampler   : 359: n:  20 NS_acc:0.740 S0_acc:0.181 sub_acc:0.050 H: 7.21 logL 19786.80688 --> 19787.06291 dZ: 0.136 logZ: 19778.131 logLmax: 19787.39
2026-03-10, 16:36:10 - cpnest.NestedSampling.NestedSampler   : 360: n:  52 NS_acc:0.739 S0_acc:0.181 sub_acc:0.250 H: 7.21 logL 19786.81550 --> 19786.92429 dZ: 0.131 logZ: 19778.134 logLmax: 19787.39
2026-03-10, 16:36:10 - cpnest.NestedSampling.NestedSampler   : 361: n:  20 NS_acc:0.740 S0_acc:0.181 sub_acc:0.500 H: 7.21 logL 19786.81730 --> 19786.83794 dZ: 0.127 logZ: 19778.137 logLmax: 19787.39
2026-03-10, 16:36:10 - cpnest.NestedSampling.NestedSampler   : 362: n:  20 NS_acc:0.740 S0_acc:0.181 sub_acc:0.300 H: 7.22 logL 19786.81745 --> 19786.90137 dZ: 0.123 logZ: 19778.141 logLmax: 19787.39
2026-03-10, 16:36:10 - cpnest.NestedSampling.NestedSampler   : 363: n:  23 NS_acc:0.741 S0_acc:0.181 sub_acc:0.043 H: 7.22 logL 19786.82336 --> 19786.84204 dZ: 0.119 logZ: 19778.144 logLmax: 19787.39
2026-03-10, 16:36:10 - cpnest.NestedSampling.NestedSampler   : 364: n:  52 NS_acc:0.740 S0_acc:0.181 sub_acc:0.100 H: 7.22 logL 19786.82808 --> 19786.82808 dZ: 0.115 logZ: 19778.147 logLmax: 19787.39
2026-03-10, 16:36:10 - cpnest.NestedSampling.NestedSampler   : 365: n:  52 NS_acc:0.739 S0_acc:0.181 sub_acc:0.250 H: 7.22 logL 19786.83794 --> 19786.89490 dZ: 0.112 logZ: 19778.149 logLmax: 19787.39
2026-03-10, 16:36:10 - cpnest.NestedSampling.NestedSampler   : 366: n:  20 NS_acc:0.739 S0_acc:0.181 sub_acc:0.400 H: 7.22 logL 19786.84204 --> 19787.01663 dZ: 0.108 logZ: 19778.152 logLmax: 19787.39
2026-03-10, 16:36:10 - cpnest.NestedSampling.NestedSampler   : 367: n:  52 NS_acc:0.738 S0_acc:0.181 sub_acc:0.250 H: 7.22 logL 19786.86095 --> 19787.07007 dZ: 0.105 logZ: 19778.155 logLmax: 19787.39
2026-03-10, 16:36:10 - cpnest.NestedSampling.NestedSampler   : 368: n:  20 NS_acc:0.739 S0_acc:0.181 sub_acc:0.100 H: 7.22 logL 19786.88582 --> 19787.00167 dZ: 0.101 logZ: 19778.158 logLmax: 19787.39
2026-03-10, 16:36:10 - cpnest.sampler.Sampler                : Sampler process 2493: MCMC samples accumulated = 320
2026-03-10, 16:36:10 - cpnest.sampler.Sampler                : Sampler process 2493 - mean acceptance 0.181: exiting
2026-03-10, 16:36:10 - cpnest.NestedSampling.NestedSampler   : Final evidence: 19778.24
2026-03-10, 16:36:10 - cpnest.NestedSampling.NestedSampler   : Information: 7.28
2026-03-10, 16:36:10 - cpnest.NestedSampling._NSintegralState: Saved nested sampling plot as /mnt/c/Users/97747/GW QNM EMRI PROJECT/2404.11373v3/2404.11373/reports/posteriors/pyring/kerr220_20260310-locallike-smoke/Nested_sampler/logXlogL.png
2026-03-10, 16:36:10 - cpnest.NestedSampling.NestedSampler   : Final KS test: D=0.0992, p-value=0.00133
2026-03-10, 16:36:10 - cpnest.cpnest.CPNest                  : Saving nested samples in /mnt/c/Users/97747/GW QNM EMRI PROJECT/2404.11373v3/2404.11373/reports/posteriors/pyring/kerr220_20260310-locallike-smoke/Nested_sampler/
2026-03-10, 16:36:10 - cpnest.cpnest.CPNest                  : Saving posterior samples in /mnt/c/Users/97747/GW QNM EMRI PROJECT/2404.11373v3/2404.11373/reports/posteriors/pyring/kerr220_20260310-locallike-smoke/Nested_sampler/
2026-03-10, 16:36:10 - cpnest.nest2pos                       : Computed log_evidences: (np.float64(19777.85638992952),)
2026-03-10, 16:36:10 - cpnest.nest2pos                       : Relative weights of input files: [np.float64(1.0)]
2026-03-10, 16:36:10 - cpnest.nest2pos                       : Relative weights of input files taking into account their length: [np.float64(1.0)]
2026-03-10, 16:36:10 - cpnest.nest2pos                       : Number of input samples: [400]
2026-03-10, 16:36:10 - cpnest.nest2pos                       : Expected number of samples from each input file [118]
2026-03-10, 16:36:10 - cpnest.nest2pos                       : Samples produced: 118
