Saved audit report: C:\Users\97747\GW QNM EMRI PROJECT\2404.11373v3\2404.11373\reports\posteriors\fig1_paper_precision\run_20260305-171606\preflight_audit.json
overall_ok=True
WARNING (pytensor.configdefaults): g++ not available, if using conda: `conda install gxx`
WARNING (pytensor.configdefaults): g++ not detected!  PyTensor will be unable to compile C-implementations and will default to Python. Performance may be severely degraded. To remove this warning, set PyTensor flags cxx to an empty string.
[TSNPE] round=1/8 n_sim=50000 accept=1.0000
C:\Users\97747\AppData\Local\Programs\Python\Python311\Lib\site-packages\sbi\inference\trainers\npe\npe_base.py:177: UserWarning: Data x has device 'cpu'. Moving x to the data_device 'cuda'. Training will proceed on device 'cuda'.
  theta, x = validate_theta_and_x(
C:\Users\97747\AppData\Local\Programs\Python\Python311\Lib\site-packages\sbi\inference\trainers\npe\npe_base.py:177: UserWarning: Parameters theta has device 'cuda:0'. Moving theta to the data_device 'cuda'. Training will proceed on device 'cuda'.
  theta, x = validate_theta_and_x(
C:\Users\97747\AppData\Local\Programs\Python\Python311\Lib\site-packages\nflows\transforms\lu.py:80: UserWarning: torch.triangular_solve is deprecated in favor of torch.linalg.solve_triangularand will be removed in a future PyTorch release.
torch.linalg.solve_triangular has its arguments reversed and does not return a copy of one of the inputs.
X = torch.triangular_solve(B, A).solution
should be replaced with
X = torch.linalg.solve_triangular(A, B). (Triggered internally at C:\actions-runner\_work\pytorch\pytorch\builder\windows\pytorch\aten\src\ATen\native\BatchLinearAlgebra.cpp:2196.)
  outputs, _ = torch.triangular_solve(

 Neural network successfully converged after 127 epochs.Traceback (most recent call last):
  File "C:\Users\97747\GW QNM EMRI PROJECT\2404.11373v3\2404.11373\scripts\08_run_fig1_paper_precision.py", line 303, in <module>
    main()
  File "C:\Users\97747\GW QNM EMRI PROJECT\2404.11373v3\2404.11373\scripts\08_run_fig1_paper_precision.py", line 244, in main
    posterior, diagnostics = runner.run()
                             ^^^^^^^^^^^^
  File "C:\Users\97747\GW QNM EMRI PROJECT\2404.11373v3\2404.11373\src\rd_sbi\inference\tsnpe_runner.py", line 219, in run
    threshold = self._posterior_threshold_for_hpd(self.last_density_estimator)
                ^^^^^^^^^^^^^^^^^^^^^^^^^^^^^^^^^^^^^^^^^^^^^^^^^^^^^^^^^^^^^^
  File "C:\Users\97747\GW QNM EMRI PROJECT\2404.11373v3\2404.11373\src\rd_sbi\inference\tsnpe_runner.py", line 125, in _posterior_threshold_for_hpd
    theta_post = density_estimator.sample((self.config.posterior_samples_for_hpd,), condition=cond).squeeze(1)
                 ^^^^^^^^^^^^^^^^^^^^^^^^^^^^^^^^^^^^^^^^^^^^^^^^^^^^^^^^^^^^^^^^^^^^^^^^^^^^^^^^^^
  File "C:\Users\97747\AppData\Local\Programs\Python\Python311\Lib\site-packages\sbi\neural_nets\estimators\nflows_flow.py", line 137, in sample
    samples = self.net.sample(num_samples, context=condition)
              ^^^^^^^^^^^^^^^^^^^^^^^^^^^^^^^^^^^^^^^^^^^^^^^
  File "C:\Users\97747\AppData\Local\Programs\Python\Python311\Lib\site-packages\nflows\distributions\base.py", line 65, in sample
    return self._sample(num_samples, context)
           ^^^^^^^^^^^^^^^^^^^^^^^^^^^^^^^^^^
  File "C:\Users\97747\AppData\Local\Programs\Python\Python311\Lib\site-packages\nflows\flows\base.py", line 54, in _sample
    samples, _ = self._transform.inverse(noise, context=embedded_context)
                 ^^^^^^^^^^^^^^^^^^^^^^^^^^^^^^^^^^^^^^^^^^^^^^^^^^^^^^^^
  File "C:\Users\97747\AppData\Local\Programs\Python\Python311\Lib\site-packages\nflows\transforms\base.py", line 60, in inverse
    return self._cascade(inputs, funcs, context)
           ^^^^^^^^^^^^^^^^^^^^^^^^^^^^^^^^^^^^^
  File "C:\Users\97747\AppData\Local\Programs\Python\Python311\Lib\site-packages\nflows\transforms\base.py", line 50, in _cascade
    outputs, logabsdet = func(outputs, context)
                         ^^^^^^^^^^^^^^^^^^^^^^
  File "C:\Users\97747\AppData\Local\Programs\Python\Python311\Lib\site-packages\nflows\transforms\coupling.py", line 119, in inverse
    transform_split, logabsdet_split = self._coupling_transform_inverse(
                                       ^^^^^^^^^^^^^^^^^^^^^^^^^^^^^^^^^
  File "C:\Users\97747\AppData\Local\Programs\Python\Python311\Lib\site-packages\nflows\transforms\coupling.py", line 197, in _coupling_transform_inverse
    return self._coupling_transform(inputs, transform_params, inverse=True)
           ^^^^^^^^^^^^^^^^^^^^^^^^^^^^^^^^^^^^^^^^^^^^^^^^^^^^^^^^^^^^^^^^
  File "C:\Users\97747\AppData\Local\Programs\Python\Python311\Lib\site-packages\nflows\transforms\coupling.py", line 211, in _coupling_transform
    outputs, logabsdet = self._piecewise_cdf(inputs, transform_params, inverse)
                         ^^^^^^^^^^^^^^^^^^^^^^^^^^^^^^^^^^^^^^^^^^^^^^^^^^^^^^
  File "C:\Users\97747\AppData\Local\Programs\Python\Python311\Lib\site-packages\nflows\transforms\coupling.py", line 492, in _piecewise_cdf
    return spline_fn(
           ^^^^^^^^^^
  File "C:\Users\97747\AppData\Local\Programs\Python\Python311\Lib\site-packages\nflows\transforms\splines\rational_quadratic.py", line 46, in unconstrained_rational_quadratic_spline
    ) = rational_quadratic_spline(
        ^^^^^^^^^^^^^^^^^^^^^^^^^^
  File "C:\Users\97747\AppData\Local\Programs\Python\Python311\Lib\site-packages\nflows\transforms\splines\rational_quadratic.py", line 135, in rational_quadratic_spline
    assert (discriminant >= 0).all()
RuntimeError: CUDA error: an illegal memory access was encountered
CUDA kernel errors might be asynchronously reported at some other API call, so the stacktrace below might be incorrect.
For debugging consider passing CUDA_LAUNCH_BLOCKING=1
Compile with `TORCH_USE_CUDA_DSA` to enable device-side assertions.

