2026-03-10 12:29:19 event=run_start state=starting round=0 phase=setup elapsed=n/a
2026-03-10 12:29:19 event=round_start state=running round=1 phase=prepare elapsed=n/a
2026-03-10 12:29:19 event=phase_start state=running round=1 phase=simulation elapsed=0.0s
2026-03-10 12:29:23 event=phase_end state=running round=1 phase=simulation elapsed=4.5s
2026-03-10 12:29:24 event=phase_start state=running round=1 phase=training elapsed=0.0s
2026-03-10 12:30:24 event=heartbeat state=running round=1 phase=training elapsed=60.0s
2026-03-10 12:31:24 event=heartbeat state=running round=1 phase=training elapsed=120.0s
2026-03-10 12:32:24 event=heartbeat state=running round=1 phase=training elapsed=180.0s
2026-03-10 12:33:24 event=heartbeat state=running round=1 phase=training elapsed=240.0s
2026-03-10 12:34:24 event=heartbeat state=running round=1 phase=training elapsed=300.0s
2026-03-10 12:35:24 event=heartbeat state=running round=1 phase=training elapsed=360.0s
2026-03-10 12:35:54 event=phase_end state=running round=1 phase=training elapsed=390.6s
2026-03-10 12:35:54 event=phase_start state=running round=1 phase=truncation elapsed=0.0s
2026-03-10 12:35:56 event=phase_end state=running round=1 phase=truncation elapsed=1.2s
2026-03-10 12:35:56 event=round_complete state=running round=1 phase=complete elapsed=1.2s volume=0.018799 probe_accept=0.018460 reason=first_round
2026-03-10 12:35:56 event=run_complete state=completed round=1 phase=complete elapsed=1.2s n_sim=0/50000 volume=0.018799 probe_accept=0.018460 reason=first_round
2026-03-10 12:35:56 event=posterior_sampling_start state=running round=1 phase=posterior_sampling elapsed=0.0s
2026-03-10 12:35:56 event=posterior_sampling_end state=running round=1 phase=posterior_sampling elapsed=0.0s
2026-03-10 12:37:55 event=run_start state=starting round=0 phase=setup elapsed=n/a
2026-03-10 12:37:55 event=round_start state=running round=1 phase=prepare elapsed=n/a
2026-03-10 12:37:55 event=phase_start state=running round=1 phase=simulation elapsed=0.0s
2026-03-10 12:37:59 event=phase_end state=running round=1 phase=simulation elapsed=4.4s
2026-03-10 12:37:59 event=phase_start state=running round=1 phase=training elapsed=0.0s
2026-03-10 12:38:59 event=heartbeat state=running round=1 phase=training elapsed=60.0s
2026-03-10 12:39:59 event=heartbeat state=running round=1 phase=training elapsed=120.0s
2026-03-10 12:40:59 event=heartbeat state=running round=1 phase=training elapsed=180.0s
2026-03-10 12:41:59 event=heartbeat state=running round=1 phase=training elapsed=240.0s
2026-03-10 12:42:59 event=heartbeat state=running round=1 phase=training elapsed=300.0s
2026-03-10 12:43:59 event=heartbeat state=running round=1 phase=training elapsed=360.0s
2026-03-10 12:44:25 event=phase_end state=running round=1 phase=training elapsed=385.9s
2026-03-10 12:44:25 event=phase_start state=running round=1 phase=truncation elapsed=0.0s
2026-03-10 12:44:26 event=phase_end state=running round=1 phase=truncation elapsed=0.9s
2026-03-10 12:44:26 event=round_complete state=running round=1 phase=complete elapsed=0.9s volume=0.018799 probe_accept=0.018460 reason=first_round
2026-03-10 12:44:26 event=run_complete state=completed round=1 phase=complete elapsed=0.9s n_sim=0/50000 volume=0.018799 probe_accept=0.018460 reason=first_round
2026-03-10 12:44:26 event=posterior_sampling_start state=running round=1 phase=posterior_sampling elapsed=0.0s
2026-03-10 12:44:26 event=posterior_sampling_end state=running round=1 phase=posterior_sampling elapsed=0.0s
